{
  "numTotalTestSuites": 11,
  "numPassedTestSuites": 11,
  "numFailedTestSuites": 0,
  "numPendingTestSuites": 0,
  "numTotalTests": 17,
  "numPassedTests": 17,
  "numFailedTests": 0,
  "numPendingTests": 0,
  "numTodoTests": 0,
  "snapshot": {
    "added": 0,
    "failure": false,
    "filesAdded": 0,
    "filesRemoved": 0,
    "filesRemovedList": [],
    "filesUnmatched": 0,
    "filesUpdated": 0,
    "matched": 0,
    "total": 0,
    "unchecked": 0,
    "uncheckedKeysByFile": [],
    "unmatched": 0,
    "updated": 0,
    "didUpdate": false
  },
  "startTime": 1757430150327,
  "success": true,
  "testResults": [
    {
      "assertionResults": [
        {
          "ancestorTitles": ["consumeAdventureCredit", "successful credit consumption"],
          "fullName": "consumeAdventureCredit successful credit consumption should consume exactly one credit for authenticated user",
          "status": "passed",
          "title": "should consume exactly one credit for authenticated user",
          "duration": 6.293749999999818,
          "failureMessages": [],
          "meta": {}
        },
        {
          "ancestorTitles": ["consumeAdventureCredit", "successful credit consumption"],
          "fullName": "consumeAdventureCredit successful credit consumption should throw error for guest users (not implemented)",
          "status": "passed",
          "title": "should throw error for guest users (not implemented)",
          "duration": 1.574292000000014,
          "failureMessages": [],
          "meta": {}
        },
        {
          "ancestorTitles": ["consumeAdventureCredit", "error handling"],
          "fullName": "consumeAdventureCredit error handling should throw InsufficientCreditsError when user has no credits",
          "status": "passed",
          "title": "should throw InsufficientCreditsError when user has no credits",
          "duration": 0.875,
          "failureMessages": [],
          "meta": {}
        },
        {
          "ancestorTitles": ["consumeAdventureCredit", "error handling"],
          "fullName": "consumeAdventureCredit error handling should throw CreditError for database errors",
          "status": "passed",
          "title": "should throw CreditError for database errors",
          "duration": 0.36133399999994253,
          "failureMessages": [],
          "meta": {}
        },
        {
          "ancestorTitles": ["consumeAdventureCredit", "error handling"],
          "fullName": "consumeAdventureCredit error handling should throw error when neither userId nor guestToken provided",
          "status": "passed",
          "title": "should throw error when neither userId nor guestToken provided",
          "duration": 0.3362499999998363,
          "failureMessages": [],
          "meta": {}
        },
        {
          "ancestorTitles": ["consumeAdventureCredit", "error handling"],
          "fullName": "consumeAdventureCredit error handling should throw error for unexpected response format",
          "status": "passed",
          "title": "should throw error for unexpected response format",
          "duration": 0.7820839999999407,
          "failureMessages": [],
          "meta": {}
        },
        {
          "ancestorTitles": ["consumeAdventureCredit", "edge cases"],
          "fullName": "consumeAdventureCredit edge cases should handle successful credit consumption with adventure id",
          "status": "passed",
          "title": "should handle successful credit consumption with adventure id",
          "duration": 0.5212079999998878,
          "failureMessages": [],
          "meta": {}
        },
        {
          "ancestorTitles": ["consumeAdventureCredit", "edge cases"],
          "fullName": "consumeAdventureCredit edge cases should handle network timeouts gracefully",
          "status": "passed",
          "title": "should handle network timeouts gracefully",
          "duration": 0.34375,
          "failureMessages": [],
          "meta": {}
        },
        {
          "ancestorTitles": ["consumeAdventureCredit", "edge cases"],
          "fullName": "consumeAdventureCredit edge cases should validate userId format",
          "status": "passed",
          "title": "should validate userId format",
          "duration": 0.35095799999999144,
          "failureMessages": [],
          "meta": {}
        },
        {
          "ancestorTitles": ["consumeAdventureCredit", "edge cases"],
          "fullName": "consumeAdventureCredit edge cases should accept valid UUID format",
          "status": "passed",
          "title": "should accept valid UUID format",
          "duration": 0.2786669999998139,
          "failureMessages": [],
          "meta": {}
        },
        {
          "ancestorTitles": ["consumeAdventureCredit", "transaction safety"],
          "fullName": "consumeAdventureCredit transaction safety should use database transaction for credit consumption",
          "status": "passed",
          "title": "should use database transaction for credit consumption",
          "duration": 0.7337499999998727,
          "failureMessages": [],
          "meta": {}
        }
      ],
      "startTime": 1757430151510,
      "endTime": 1757430151522.7336,
      "status": "passed",
      "message": "",
      "name": "/Users/jmfk/Repos/daggergm/lib/credits/consume-credit.test.ts"
    },
    {
      "assertionResults": [
        {
          "ancestorTitles": ["Auth Validation", "emailSchema"],
          "fullName": "Auth Validation emailSchema accepts valid email addresses",
          "status": "passed",
          "title": "accepts valid email addresses",
          "duration": 3.497624999999971,
          "failureMessages": [],
          "meta": {}
        },
        {
          "ancestorTitles": ["Auth Validation", "emailSchema"],
          "fullName": "Auth Validation emailSchema rejects invalid email addresses",
          "status": "passed",
          "title": "rejects invalid email addresses",
          "duration": 0.8537499999999909,
          "failureMessages": [],
          "meta": {}
        },
        {
          "ancestorTitles": ["Auth Validation", "magicLinkSchema"],
          "fullName": "Auth Validation magicLinkSchema accepts valid magic link input",
          "status": "passed",
          "title": "accepts valid magic link input",
          "duration": 0.6086659999998574,
          "failureMessages": [],
          "meta": {}
        },
        {
          "ancestorTitles": ["Auth Validation", "magicLinkSchema"],
          "fullName": "Auth Validation magicLinkSchema rejects invalid magic link input",
          "status": "passed",
          "title": "rejects invalid magic link input",
          "duration": 0.16195799999991323,
          "failureMessages": [],
          "meta": {}
        },
        {
          "ancestorTitles": ["Auth Validation", "guestSessionSchema"],
          "fullName": "Auth Validation guestSessionSchema accepts valid guest session",
          "status": "passed",
          "title": "accepts valid guest session",
          "duration": 0.4162910000000011,
          "failureMessages": [],
          "meta": {}
        },
        {
          "ancestorTitles": ["Auth Validation", "guestSessionSchema"],
          "fullName": "Auth Validation guestSessionSchema rejects invalid UUIDs",
          "status": "passed",
          "title": "rejects invalid UUIDs",
          "duration": 0.26737500000012915,
          "failureMessages": [],
          "meta": {}
        }
      ],
      "startTime": 1757430151502,
      "endTime": 1757430151508.4163,
      "status": "passed",
      "message": "",
      "name": "/Users/jmfk/Repos/daggergm/__tests__/unit/lib/validation/auth.test.ts"
    }
  ],
  "coverageMap": {
    "/Users/jmfk/Repos/daggergm/lib/credits/consume-credit.ts": {
      "path": "/Users/jmfk/Repos/daggergm/lib/credits/consume-credit.ts",
      "all": false,
      "statementMap": {
        "2": { "start": { "line": 3, "column": 0 }, "end": { "line": 3, "column": 64 } },
        "3": { "start": { "line": 4, "column": 0 }, "end": { "line": 4, "column": 23 } },
        "6": { "start": { "line": 7, "column": 0 }, "end": { "line": 7, "column": 36 } },
        "9": { "start": { "line": 10, "column": 0 }, "end": { "line": 10, "column": 39 } },
        "10": { "start": { "line": 11, "column": 0 }, "end": { "line": 11, "column": 23 } },
        "11": { "start": { "line": 12, "column": 0 }, "end": { "line": 12, "column": 32 } },
        "12": { "start": { "line": 13, "column": 0 }, "end": { "line": 13, "column": 40 } },
        "13": { "start": { "line": 14, "column": 0 }, "end": { "line": 14, "column": 47 } },
        "14": { "start": { "line": 15, "column": 0 }, "end": { "line": 15, "column": 2 } },
        "33": { "start": { "line": 34, "column": 0 }, "end": { "line": 34, "column": 45 } },
        "34": { "start": { "line": 35, "column": 0 }, "end": { "line": 35, "column": 24 } },
        "35": { "start": { "line": 36, "column": 0 }, "end": { "line": 36, "column": 37 } },
        "36": { "start": { "line": 37, "column": 0 }, "end": { "line": 37, "column": 22 } },
        "37": { "start": { "line": 38, "column": 0 }, "end": { "line": 38, "column": 37 } },
        "39": { "start": { "line": 40, "column": 0 }, "end": { "line": 40, "column": 31 } },
        "40": { "start": { "line": 41, "column": 0 }, "end": { "line": 41, "column": 67 } },
        "41": { "start": { "line": 42, "column": 0 }, "end": { "line": 42, "column": 3 } },
        "44": { "start": { "line": 45, "column": 0 }, "end": { "line": 45, "column": 15 } },
        "45": { "start": { "line": 46, "column": 0 }, "end": { "line": 46, "column": 52 } },
        "46": { "start": { "line": 47, "column": 0 }, "end": { "line": 47, "column": 31 } },
        "47": { "start": { "line": 48, "column": 0 }, "end": { "line": 48, "column": 47 } },
        "48": { "start": { "line": 49, "column": 0 }, "end": { "line": 49, "column": 5 } },
        "49": { "start": { "line": 50, "column": 0 }, "end": { "line": 50, "column": 3 } },
        "51": { "start": { "line": 52, "column": 0 }, "end": { "line": 52, "column": 7 } },
        "53": { "start": { "line": 54, "column": 0 }, "end": { "line": 54, "column": 18 } },
        "54": { "start": { "line": 55, "column": 0 }, "end": { "line": 55, "column": 75 } },
        "55": { "start": { "line": 56, "column": 0 }, "end": { "line": 56, "column": 5 } },
        "60": { "start": { "line": 61, "column": 0 }, "end": { "line": 61, "column": 76 } },
        "61": { "start": { "line": 62, "column": 0 }, "end": { "line": 62, "column": 24 } },
        "62": { "start": { "line": 63, "column": 0 }, "end": { "line": 63, "column": 77 } },
        "63": { "start": { "line": 64, "column": 0 }, "end": { "line": 64, "column": 6 } },
        "66": { "start": { "line": 67, "column": 0 }, "end": { "line": 67, "column": 16 } },
        "67": { "start": { "line": 68, "column": 0 }, "end": { "line": 68, "column": 50 } },
        "68": { "start": { "line": 69, "column": 0 }, "end": { "line": 69, "column": 57 } },
        "69": { "start": { "line": 70, "column": 0 }, "end": { "line": 70, "column": 7 } },
        "70": { "start": { "line": 71, "column": 0 }, "end": { "line": 71, "column": 54 } },
        "71": { "start": { "line": 72, "column": 0 }, "end": { "line": 72, "column": 5 } },
        "74": { "start": { "line": 75, "column": 0 }, "end": { "line": 75, "column": 16 } },
        "75": { "start": { "line": 76, "column": 0 }, "end": { "line": 76, "column": 72 } },
        "76": { "start": { "line": 77, "column": 0 }, "end": { "line": 77, "column": 5 } },
        "79": { "start": { "line": 80, "column": 0 }, "end": { "line": 80, "column": 60 } },
        "80": { "start": { "line": 81, "column": 0 }, "end": { "line": 81, "column": 31 } },
        "81": { "start": { "line": 82, "column": 0 }, "end": { "line": 82, "column": 72 } },
        "82": { "start": { "line": 83, "column": 0 }, "end": { "line": 83, "column": 5 } },
        "84": { "start": { "line": 85, "column": 0 }, "end": { "line": 85, "column": 42 } },
        "86": { "start": { "line": 87, "column": 0 }, "end": { "line": 87, "column": 12 } },
        "87": { "start": { "line": 88, "column": 0 }, "end": { "line": 88, "column": 37 } },
        "88": { "start": { "line": 89, "column": 0 }, "end": { "line": 89, "column": 56 } },
        "89": { "start": { "line": 90, "column": 0 }, "end": { "line": 90, "column": 5 } },
        "90": { "start": { "line": 91, "column": 0 }, "end": { "line": 91, "column": 19 } },
        "92": { "start": { "line": 93, "column": 0 }, "end": { "line": 93, "column": 84 } },
        "93": { "start": { "line": 94, "column": 0 }, "end": { "line": 94, "column": 17 } },
        "94": { "start": { "line": 95, "column": 0 }, "end": { "line": 95, "column": 5 } },
        "97": { "start": { "line": 98, "column": 0 }, "end": { "line": 98, "column": 33 } },
        "98": { "start": { "line": 99, "column": 0 }, "end": { "line": 99, "column": 17 } },
        "99": { "start": { "line": 100, "column": 0 }, "end": { "line": 100, "column": 5 } },
        "102": { "start": { "line": 103, "column": 0 }, "end": { "line": 103, "column": 77 } },
        "103": { "start": { "line": 104, "column": 0 }, "end": { "line": 104, "column": 3 } },
        "104": { "start": { "line": 105, "column": 0 }, "end": { "line": 105, "column": 1 } }
      },
      "s": {
        "2": 1,
        "3": 1,
        "6": 1,
        "9": 1,
        "10": 1,
        "11": 1,
        "12": 1,
        "13": 1,
        "14": 1,
        "33": 11,
        "34": 11,
        "35": 11,
        "36": 11,
        "37": 11,
        "39": 11,
        "40": 1,
        "41": 1,
        "44": 11,
        "45": 9,
        "46": 9,
        "47": 1,
        "48": 1,
        "49": 9,
        "51": 9,
        "53": 11,
        "54": 1,
        "55": 1,
        "60": 8,
        "61": 8,
        "62": 8,
        "63": 8,
        "66": 11,
        "67": 2,
        "68": 1,
        "69": 1,
        "70": 1,
        "71": 1,
        "74": 11,
        "75": 0,
        "76": 0,
        "79": 5,
        "80": 11,
        "81": 1,
        "82": 1,
        "84": 4,
        "86": 4,
        "87": 4,
        "88": 4,
        "89": 4,
        "90": 11,
        "92": 5,
        "93": 3,
        "94": 3,
        "97": 2,
        "98": 2,
        "99": 2,
        "102": 0,
        "103": 0,
        "104": 11
      },
      "branchMap": {
        "0": {
          "type": "branch",
          "line": 34,
          "loc": { "start": { "line": 34, "column": 0 }, "end": { "line": 105, "column": 1 } },
          "locations": [
            { "start": { "line": 34, "column": 0 }, "end": { "line": 105, "column": 1 } }
          ]
        },
        "1": {
          "type": "branch",
          "line": 40,
          "loc": { "start": { "line": 40, "column": 7 }, "end": { "line": 40, "column": 30 } },
          "locations": [
            { "start": { "line": 40, "column": 7 }, "end": { "line": 40, "column": 30 } }
          ]
        },
        "2": {
          "type": "branch",
          "line": 40,
          "loc": { "start": { "line": 40, "column": 30 }, "end": { "line": 42, "column": 3 } },
          "locations": [
            { "start": { "line": 40, "column": 30 }, "end": { "line": 42, "column": 3 } }
          ]
        },
        "3": {
          "type": "branch",
          "line": 42,
          "loc": { "start": { "line": 42, "column": 2 }, "end": { "line": 45, "column": 14 } },
          "locations": [
            { "start": { "line": 42, "column": 2 }, "end": { "line": 45, "column": 14 } }
          ]
        },
        "4": {
          "type": "branch",
          "line": 45,
          "loc": { "start": { "line": 45, "column": 14 }, "end": { "line": 54, "column": 17 } },
          "locations": [
            { "start": { "line": 45, "column": 14 }, "end": { "line": 54, "column": 17 } }
          ]
        },
        "5": {
          "type": "branch",
          "line": 47,
          "loc": { "start": { "line": 47, "column": 30 }, "end": { "line": 49, "column": 5 } },
          "locations": [
            { "start": { "line": 47, "column": 30 }, "end": { "line": 49, "column": 5 } }
          ]
        },
        "6": {
          "type": "branch",
          "line": 54,
          "loc": { "start": { "line": 54, "column": 17 }, "end": { "line": 56, "column": 5 } },
          "locations": [
            { "start": { "line": 54, "column": 17 }, "end": { "line": 56, "column": 5 } }
          ]
        },
        "7": {
          "type": "branch",
          "line": 56,
          "loc": { "start": { "line": 56, "column": 4 }, "end": { "line": 64, "column": 6 } },
          "locations": [
            { "start": { "line": 56, "column": 4 }, "end": { "line": 64, "column": 6 } }
          ]
        },
        "8": {
          "type": "branch",
          "line": 64,
          "loc": { "start": { "line": 64, "column": 5 }, "end": { "line": 67, "column": 15 } },
          "locations": [
            { "start": { "line": 64, "column": 5 }, "end": { "line": 67, "column": 15 } }
          ]
        },
        "9": {
          "type": "branch",
          "line": 67,
          "loc": { "start": { "line": 67, "column": 15 }, "end": { "line": 72, "column": 5 } },
          "locations": [
            { "start": { "line": 67, "column": 15 }, "end": { "line": 72, "column": 5 } }
          ]
        },
        "10": {
          "type": "branch",
          "line": 68,
          "loc": { "start": { "line": 68, "column": 49 }, "end": { "line": 72, "column": 5 } },
          "locations": [
            { "start": { "line": 68, "column": 49 }, "end": { "line": 72, "column": 5 } }
          ]
        },
        "11": {
          "type": "branch",
          "line": 72,
          "loc": { "start": { "line": 72, "column": 4 }, "end": { "line": 75, "column": 15 } },
          "locations": [
            { "start": { "line": 72, "column": 4 }, "end": { "line": 75, "column": 15 } }
          ]
        },
        "12": {
          "type": "branch",
          "line": 75,
          "loc": { "start": { "line": 75, "column": 15 }, "end": { "line": 77, "column": 5 } },
          "locations": [
            { "start": { "line": 75, "column": 15 }, "end": { "line": 77, "column": 5 } }
          ]
        },
        "13": {
          "type": "branch",
          "line": 77,
          "loc": { "start": { "line": 77, "column": 4 }, "end": { "line": 81, "column": 30 } },
          "locations": [
            { "start": { "line": 77, "column": 4 }, "end": { "line": 81, "column": 30 } }
          ]
        },
        "14": {
          "type": "branch",
          "line": 81,
          "loc": { "start": { "line": 81, "column": 30 }, "end": { "line": 83, "column": 5 } },
          "locations": [
            { "start": { "line": 81, "column": 30 }, "end": { "line": 83, "column": 5 } }
          ]
        },
        "15": {
          "type": "branch",
          "line": 83,
          "loc": { "start": { "line": 83, "column": 4 }, "end": { "line": 91, "column": 11 } },
          "locations": [
            { "start": { "line": 83, "column": 4 }, "end": { "line": 91, "column": 11 } }
          ]
        },
        "16": {
          "type": "branch",
          "line": 91,
          "loc": { "start": { "line": 91, "column": 2 }, "end": { "line": 104, "column": 3 } },
          "locations": [
            { "start": { "line": 91, "column": 2 }, "end": { "line": 104, "column": 3 } }
          ]
        },
        "17": {
          "type": "branch",
          "line": 93,
          "loc": { "start": { "line": 93, "column": 25 }, "end": { "line": 93, "column": 83 } },
          "locations": [
            { "start": { "line": 93, "column": 25 }, "end": { "line": 93, "column": 83 } }
          ]
        },
        "18": {
          "type": "branch",
          "line": 93,
          "loc": { "start": { "line": 93, "column": 83 }, "end": { "line": 95, "column": 5 } },
          "locations": [
            { "start": { "line": 93, "column": 83 }, "end": { "line": 95, "column": 5 } }
          ]
        },
        "19": {
          "type": "branch",
          "line": 95,
          "loc": { "start": { "line": 95, "column": 4 }, "end": { "line": 100, "column": 5 } },
          "locations": [
            { "start": { "line": 95, "column": 4 }, "end": { "line": 100, "column": 5 } }
          ]
        },
        "20": {
          "type": "branch",
          "line": 100,
          "loc": { "start": { "line": 100, "column": 4 }, "end": { "line": 104, "column": 3 } },
          "locations": [
            { "start": { "line": 100, "column": 4 }, "end": { "line": 104, "column": 3 } }
          ]
        }
      },
      "b": {
        "0": [11],
        "1": [2],
        "2": [1],
        "3": [10],
        "4": [9],
        "5": [1],
        "6": [1],
        "7": [8],
        "8": [7],
        "9": [2],
        "10": [1],
        "11": [5],
        "12": [0],
        "13": [5],
        "14": [1],
        "15": [4],
        "16": [5],
        "17": [4],
        "18": [3],
        "19": [2],
        "20": [0]
      },
      "fnMap": {
        "0": {
          "name": "consumeAdventureCredit",
          "decl": { "start": { "line": 34, "column": 0 }, "end": { "line": 105, "column": 1 } },
          "loc": { "start": { "line": 34, "column": 0 }, "end": { "line": 105, "column": 1 } },
          "line": 34
        }
      },
      "f": { "0": 11 }
    },
    "/Users/jmfk/Repos/daggergm/lib/credits/errors.ts": {
      "path": "/Users/jmfk/Repos/daggergm/lib/credits/errors.ts",
      "all": false,
      "statementMap": {
        "3": { "start": { "line": 4, "column": 0 }, "end": { "line": 4, "column": 40 } },
        "4": { "start": { "line": 5, "column": 0 }, "end": { "line": 5, "column": 14 } },
        "5": { "start": { "line": 6, "column": 0 }, "end": { "line": 6, "column": 20 } },
        "6": { "start": { "line": 7, "column": 0 }, "end": { "line": 7, "column": 34 } },
        "7": { "start": { "line": 8, "column": 0 }, "end": { "line": 8, "column": 5 } },
        "8": { "start": { "line": 9, "column": 0 }, "end": { "line": 9, "column": 18 } },
        "9": { "start": { "line": 10, "column": 0 }, "end": { "line": 10, "column": 29 } },
        "10": { "start": { "line": 11, "column": 0 }, "end": { "line": 11, "column": 54 } },
        "11": { "start": { "line": 12, "column": 0 }, "end": { "line": 12, "column": 3 } },
        "12": { "start": { "line": 13, "column": 0 }, "end": { "line": 13, "column": 1 } },
        "17": { "start": { "line": 18, "column": 0 }, "end": { "line": 18, "column": 59 } },
        "18": { "start": { "line": 19, "column": 0 }, "end": { "line": 19, "column": 80 } },
        "19": { "start": { "line": 20, "column": 0 }, "end": { "line": 20, "column": 42 } },
        "20": { "start": { "line": 21, "column": 0 }, "end": { "line": 21, "column": 42 } },
        "21": { "start": { "line": 22, "column": 0 }, "end": { "line": 22, "column": 67 } },
        "22": { "start": { "line": 23, "column": 0 }, "end": { "line": 23, "column": 3 } },
        "23": { "start": { "line": 24, "column": 0 }, "end": { "line": 24, "column": 1 } }
      },
      "s": {
        "3": 1,
        "4": 1,
        "5": 4,
        "6": 4,
        "7": 4,
        "8": 4,
        "9": 4,
        "10": 4,
        "11": 4,
        "12": 1,
        "17": 1,
        "18": 1,
        "19": 2,
        "20": 2,
        "21": 2,
        "22": 2,
        "23": 1
      },
      "branchMap": {
        "0": {
          "type": "branch",
          "line": 5,
          "loc": { "start": { "line": 5, "column": 2 }, "end": { "line": 12, "column": 3 } },
          "locations": [{ "start": { "line": 5, "column": 2 }, "end": { "line": 12, "column": 3 } }]
        },
        "1": {
          "type": "branch",
          "line": 19,
          "loc": { "start": { "line": 19, "column": 2 }, "end": { "line": 23, "column": 3 } },
          "locations": [
            { "start": { "line": 19, "column": 2 }, "end": { "line": 23, "column": 3 } }
          ]
        }
      },
      "b": { "0": [4], "1": [2] },
      "fnMap": {
        "0": {
          "name": "CreditError",
          "decl": { "start": { "line": 5, "column": 2 }, "end": { "line": 12, "column": 3 } },
          "loc": { "start": { "line": 5, "column": 2 }, "end": { "line": 12, "column": 3 } },
          "line": 5
        },
        "1": {
          "name": "InsufficientCreditsError",
          "decl": { "start": { "line": 19, "column": 2 }, "end": { "line": 23, "column": 3 } },
          "loc": { "start": { "line": 19, "column": 2 }, "end": { "line": 23, "column": 3 } },
          "line": 19
        }
      },
      "f": { "0": 4, "1": 2 }
    },
    "/Users/jmfk/Repos/daggergm/lib/validation/auth.ts": {
      "path": "/Users/jmfk/Repos/daggergm/lib/validation/auth.ts",
      "all": false,
      "statementMap": {
        "0": { "start": { "line": 1, "column": 0 }, "end": { "line": 1, "column": 23 } },
        "2": { "start": { "line": 3, "column": 0 }, "end": { "line": 3, "column": 68 } },
        "4": { "start": { "line": 5, "column": 0 }, "end": { "line": 5, "column": 41 } },
        "5": { "start": { "line": 6, "column": 0 }, "end": { "line": 6, "column": 21 } },
        "6": { "start": { "line": 7, "column": 0 }, "end": { "line": 7, "column": 2 } },
        "10": { "start": { "line": 11, "column": 0 }, "end": { "line": 11, "column": 44 } },
        "11": { "start": { "line": 12, "column": 0 }, "end": { "line": 12, "column": 21 } },
        "12": { "start": { "line": 13, "column": 0 }, "end": { "line": 13, "column": 33 } },
        "13": { "start": { "line": 14, "column": 0 }, "end": { "line": 14, "column": 32 } },
        "14": { "start": { "line": 15, "column": 0 }, "end": { "line": 15, "column": 2 } }
      },
      "s": { "0": 1, "2": 1, "4": 1, "5": 1, "6": 1, "10": 1, "11": 1, "12": 1, "13": 1, "14": 1 },
      "branchMap": {},
      "b": {},
      "fnMap": {},
      "f": {}
    },
    "/Users/jmfk/Repos/daggergm/tailwind.config.js": {
      "path": "/Users/jmfk/Repos/daggergm/tailwind.config.js",
      "all": true,
      "statementMap": {
        "0": { "start": { "line": 1, "column": 0 }, "end": { "line": 1, "column": 43 } },
        "1": { "start": { "line": 2, "column": 0 }, "end": { "line": 2, "column": 18 } },
        "2": { "start": { "line": 3, "column": 0 }, "end": { "line": 3, "column": 12 } },
        "3": { "start": { "line": 4, "column": 0 }, "end": { "line": 4, "column": 39 } },
        "4": { "start": { "line": 5, "column": 0 }, "end": { "line": 5, "column": 44 } },
        "5": { "start": { "line": 6, "column": 0 }, "end": { "line": 6, "column": 37 } },
        "6": { "start": { "line": 7, "column": 0 }, "end": { "line": 7, "column": 4 } },
        "7": { "start": { "line": 8, "column": 0 }, "end": { "line": 8, "column": 10 } },
        "8": { "start": { "line": 9, "column": 0 }, "end": { "line": 9, "column": 13 } },
        "9": { "start": { "line": 10, "column": 0 }, "end": { "line": 10, "column": 15 } },
        "10": { "start": { "line": 11, "column": 0 }, "end": { "line": 11, "column": 37 } },
        "11": { "start": { "line": 12, "column": 0 }, "end": { "line": 12, "column": 35 } },
        "12": { "start": { "line": 13, "column": 0 }, "end": { "line": 13, "column": 33 } },
        "13": { "start": { "line": 14, "column": 0 }, "end": { "line": 14, "column": 45 } },
        "14": { "start": { "line": 15, "column": 0 }, "end": { "line": 15, "column": 45 } },
        "15": { "start": { "line": 16, "column": 0 }, "end": { "line": 16, "column": 18 } },
        "16": { "start": { "line": 17, "column": 0 }, "end": { "line": 17, "column": 41 } },
        "17": { "start": { "line": 18, "column": 0 }, "end": { "line": 18, "column": 55 } },
        "18": { "start": { "line": 19, "column": 0 }, "end": { "line": 19, "column": 10 } },
        "19": { "start": { "line": 20, "column": 0 }, "end": { "line": 20, "column": 20 } },
        "20": { "start": { "line": 21, "column": 0 }, "end": { "line": 21, "column": 43 } },
        "21": { "start": { "line": 22, "column": 0 }, "end": { "line": 22, "column": 57 } },
        "22": { "start": { "line": 23, "column": 0 }, "end": { "line": 23, "column": 10 } },
        "23": { "start": { "line": 24, "column": 0 }, "end": { "line": 24, "column": 22 } },
        "24": { "start": { "line": 25, "column": 0 }, "end": { "line": 25, "column": 45 } },
        "25": { "start": { "line": 26, "column": 0 }, "end": { "line": 26, "column": 59 } },
        "26": { "start": { "line": 27, "column": 0 }, "end": { "line": 27, "column": 10 } },
        "27": { "start": { "line": 28, "column": 0 }, "end": { "line": 28, "column": 16 } },
        "28": { "start": { "line": 29, "column": 0 }, "end": { "line": 29, "column": 39 } },
        "29": { "start": { "line": 30, "column": 0 }, "end": { "line": 30, "column": 53 } },
        "30": { "start": { "line": 31, "column": 0 }, "end": { "line": 31, "column": 10 } },
        "31": { "start": { "line": 32, "column": 0 }, "end": { "line": 32, "column": 17 } },
        "32": { "start": { "line": 33, "column": 0 }, "end": { "line": 33, "column": 40 } },
        "33": { "start": { "line": 34, "column": 0 }, "end": { "line": 34, "column": 54 } },
        "34": { "start": { "line": 35, "column": 0 }, "end": { "line": 35, "column": 10 } },
        "35": { "start": { "line": 36, "column": 0 }, "end": { "line": 36, "column": 18 } },
        "36": { "start": { "line": 37, "column": 0 }, "end": { "line": 37, "column": 41 } },
        "37": { "start": { "line": 38, "column": 0 }, "end": { "line": 38, "column": 55 } },
        "38": { "start": { "line": 39, "column": 0 }, "end": { "line": 39, "column": 10 } },
        "39": { "start": { "line": 40, "column": 0 }, "end": { "line": 40, "column": 15 } },
        "40": { "start": { "line": 41, "column": 0 }, "end": { "line": 41, "column": 38 } },
        "41": { "start": { "line": 42, "column": 0 }, "end": { "line": 42, "column": 52 } },
        "42": { "start": { "line": 43, "column": 0 }, "end": { "line": 43, "column": 10 } },
        "43": { "start": { "line": 44, "column": 0 }, "end": { "line": 44, "column": 8 } },
        "44": { "start": { "line": 45, "column": 0 }, "end": { "line": 45, "column": 21 } },
        "45": { "start": { "line": 46, "column": 0 }, "end": { "line": 46, "column": 28 } },
        "46": { "start": { "line": 47, "column": 0 }, "end": { "line": 47, "column": 40 } },
        "47": { "start": { "line": 48, "column": 0 }, "end": { "line": 48, "column": 40 } },
        "48": { "start": { "line": 49, "column": 0 }, "end": { "line": 49, "column": 8 } },
        "49": { "start": { "line": 50, "column": 0 }, "end": { "line": 50, "column": 6 } },
        "50": { "start": { "line": 51, "column": 0 }, "end": { "line": 51, "column": 4 } },
        "51": { "start": { "line": 52, "column": 0 }, "end": { "line": 52, "column": 14 } },
        "52": { "start": { "line": 53, "column": 0 }, "end": { "line": 53, "column": 1 } }
      },
      "s": {
        "0": 0,
        "1": 0,
        "2": 0,
        "3": 0,
        "4": 0,
        "5": 0,
        "6": 0,
        "7": 0,
        "8": 0,
        "9": 0,
        "10": 0,
        "11": 0,
        "12": 0,
        "13": 0,
        "14": 0,
        "15": 0,
        "16": 0,
        "17": 0,
        "18": 0,
        "19": 0,
        "20": 0,
        "21": 0,
        "22": 0,
        "23": 0,
        "24": 0,
        "25": 0,
        "26": 0,
        "27": 0,
        "28": 0,
        "29": 0,
        "30": 0,
        "31": 0,
        "32": 0,
        "33": 0,
        "34": 0,
        "35": 0,
        "36": 0,
        "37": 0,
        "38": 0,
        "39": 0,
        "40": 0,
        "41": 0,
        "42": 0,
        "43": 0,
        "44": 0,
        "45": 0,
        "46": 0,
        "47": 0,
        "48": 0,
        "49": 0,
        "50": 0,
        "51": 0,
        "52": 0
      },
      "branchMap": {
        "0": {
          "type": "branch",
          "line": 1,
          "loc": { "start": { "line": 1, "column": 1520 }, "end": { "line": 53, "column": 1 } },
          "locations": [
            { "start": { "line": 1, "column": 1520 }, "end": { "line": 53, "column": 1 } }
          ]
        }
      },
      "b": { "0": [0] },
      "fnMap": {
        "0": {
          "name": "(empty-report)",
          "decl": { "start": { "line": 1, "column": 1520 }, "end": { "line": 53, "column": 1 } },
          "loc": { "start": { "line": 1, "column": 1520 }, "end": { "line": 53, "column": 1 } },
          "line": 1
        }
      },
      "f": { "0": 0 }
    },
    "/Users/jmfk/Repos/daggergm/postcss.config.mjs": {
      "path": "/Users/jmfk/Repos/daggergm/postcss.config.mjs",
      "all": true,
      "statementMap": {
        "0": { "start": { "line": 1, "column": 0 }, "end": { "line": 1, "column": 16 } },
        "1": { "start": { "line": 2, "column": 0 }, "end": { "line": 2, "column": 36 } },
        "2": { "start": { "line": 3, "column": 0 }, "end": { "line": 3, "column": 2 } },
        "4": { "start": { "line": 5, "column": 0 }, "end": { "line": 5, "column": 22 } }
      },
      "s": { "0": 0, "1": 0, "2": 0, "4": 0 },
      "branchMap": {
        "0": {
          "type": "branch",
          "line": 1,
          "loc": { "start": { "line": 1, "column": 80 }, "end": { "line": 5, "column": 22 } },
          "locations": [
            { "start": { "line": 1, "column": 80 }, "end": { "line": 5, "column": 22 } }
          ]
        }
      },
      "b": { "0": [0] },
      "fnMap": {
        "0": {
          "name": "(empty-report)",
          "decl": { "start": { "line": 1, "column": 80 }, "end": { "line": 5, "column": 22 } },
          "loc": { "start": { "line": 1, "column": 80 }, "end": { "line": 5, "column": 22 } },
          "line": 1
        }
      },
      "f": { "0": 0 }
    },
    "/Users/jmfk/Repos/daggergm/playwright.config.ts": {
      "path": "/Users/jmfk/Repos/daggergm/playwright.config.ts",
      "all": true,
      "statementMap": {
        "0": { "start": { "line": 1, "column": 0 }, "end": { "line": 1, "column": 56 } },
        "11": { "start": { "line": 12, "column": 0 }, "end": { "line": 12, "column": 29 } },
        "12": { "start": { "line": 13, "column": 0 }, "end": { "line": 13, "column": 29 } },
        "14": { "start": { "line": 15, "column": 0 }, "end": { "line": 15, "column": 22 } },
        "16": { "start": { "line": 17, "column": 0 }, "end": { "line": 17, "column": 31 } },
        "18": { "start": { "line": 19, "column": 0 }, "end": { "line": 19, "column": 34 } },
        "20": { "start": { "line": 21, "column": 0 }, "end": { "line": 21, "column": 42 } },
        "22": { "start": { "line": 23, "column": 0 }, "end": { "line": 23, "column": 19 } },
        "24": { "start": { "line": 25, "column": 0 }, "end": { "line": 25, "column": 8 } },
        "26": { "start": { "line": 27, "column": 0 }, "end": { "line": 27, "column": 37 } },
        "29": { "start": { "line": 30, "column": 0 }, "end": { "line": 30, "column": 28 } },
        "30": { "start": { "line": 31, "column": 0 }, "end": { "line": 31, "column": 4 } },
        "33": { "start": { "line": 34, "column": 0 }, "end": { "line": 34, "column": 13 } },
        "34": { "start": { "line": 35, "column": 0 }, "end": { "line": 35, "column": 5 } },
        "35": { "start": { "line": 36, "column": 0 }, "end": { "line": 36, "column": 23 } },
        "36": { "start": { "line": 37, "column": 0 }, "end": { "line": 37, "column": 44 } },
        "37": { "start": { "line": 38, "column": 0 }, "end": { "line": 38, "column": 6 } },
        "39": { "start": { "line": 40, "column": 0 }, "end": { "line": 40, "column": 5 } },
        "40": { "start": { "line": 41, "column": 0 }, "end": { "line": 41, "column": 22 } },
        "41": { "start": { "line": 42, "column": 0 }, "end": { "line": 42, "column": 45 } },
        "42": { "start": { "line": 43, "column": 0 }, "end": { "line": 43, "column": 6 } },
        "44": { "start": { "line": 45, "column": 0 }, "end": { "line": 45, "column": 5 } },
        "45": { "start": { "line": 46, "column": 0 }, "end": { "line": 46, "column": 21 } },
        "46": { "start": { "line": 47, "column": 0 }, "end": { "line": 47, "column": 44 } },
        "47": { "start": { "line": 48, "column": 0 }, "end": { "line": 48, "column": 6 } },
        "58": { "start": { "line": 59, "column": 0 }, "end": { "line": 59, "column": 4 } },
        "61": { "start": { "line": 62, "column": 0 }, "end": { "line": 62, "column": 14 } },
        "62": { "start": { "line": 63, "column": 0 }, "end": { "line": 63, "column": 27 } },
        "63": { "start": { "line": 64, "column": 0 }, "end": { "line": 64, "column": 33 } },
        "64": { "start": { "line": 65, "column": 0 }, "end": { "line": 65, "column": 41 } },
        "65": { "start": { "line": 66, "column": 0 }, "end": { "line": 66, "column": 4 } },
        "66": { "start": { "line": 67, "column": 0 }, "end": { "line": 67, "column": 2 } }
      },
      "s": {
        "0": 0,
        "11": 0,
        "12": 0,
        "14": 0,
        "16": 0,
        "18": 0,
        "20": 0,
        "22": 0,
        "24": 0,
        "26": 0,
        "29": 0,
        "30": 0,
        "33": 0,
        "34": 0,
        "35": 0,
        "36": 0,
        "37": 0,
        "39": 0,
        "40": 0,
        "41": 0,
        "42": 0,
        "44": 0,
        "45": 0,
        "46": 0,
        "47": 0,
        "58": 0,
        "61": 0,
        "62": 0,
        "63": 0,
        "64": 0,
        "65": 0,
        "66": 0
      },
      "branchMap": {
        "0": {
          "type": "branch",
          "line": 1,
          "loc": { "start": { "line": 1, "column": 1796 }, "end": { "line": 67, "column": 2 } },
          "locations": [
            { "start": { "line": 1, "column": 1796 }, "end": { "line": 67, "column": 2 } }
          ]
        }
      },
      "b": { "0": [0] },
      "fnMap": {
        "0": {
          "name": "(empty-report)",
          "decl": { "start": { "line": 1, "column": 1796 }, "end": { "line": 67, "column": 2 } },
          "loc": { "start": { "line": 1, "column": 1796 }, "end": { "line": 67, "column": 2 } },
          "line": 1
        }
      },
      "f": { "0": 0 }
    },
    "/Users/jmfk/Repos/daggergm/middleware.ts": {
      "path": "/Users/jmfk/Repos/daggergm/middleware.ts",
      "all": true,
      "statementMap": {
        "0": { "start": { "line": 1, "column": 0 }, "end": { "line": 1, "column": 42 } },
        "2": { "start": { "line": 3, "column": 0 }, "end": { "line": 3, "column": 57 } },
        "4": { "start": { "line": 5, "column": 0 }, "end": { "line": 5, "column": 56 } },
        "6": { "start": { "line": 7, "column": 0 }, "end": { "line": 7, "column": 47 } },
        "9": { "start": { "line": 10, "column": 0 }, "end": { "line": 10, "column": 39 } },
        "10": { "start": { "line": 11, "column": 0 }, "end": { "line": 11, "column": 53 } },
        "11": { "start": { "line": 12, "column": 0 }, "end": { "line": 12, "column": 46 } },
        "13": { "start": { "line": 14, "column": 0 }, "end": { "line": 14, "column": 85 } },
        "14": { "start": { "line": 15, "column": 0 }, "end": { "line": 15, "column": 75 } },
        "17": { "start": { "line": 18, "column": 0 }, "end": { "line": 18, "column": 59 } },
        "20": { "start": { "line": 21, "column": 0 }, "end": { "line": 21, "column": 39 } },
        "21": { "start": { "line": 22, "column": 0 }, "end": { "line": 22, "column": 69 } },
        "22": { "start": { "line": 23, "column": 0 }, "end": { "line": 23, "column": 3 } },
        "24": { "start": { "line": 25, "column": 0 }, "end": { "line": 25, "column": 33 } },
        "25": { "start": { "line": 26, "column": 0 }, "end": { "line": 26, "column": 68 } },
        "26": { "start": { "line": 27, "column": 0 }, "end": { "line": 27, "column": 3 } },
        "28": { "start": { "line": 29, "column": 0 }, "end": { "line": 29, "column": 17 } },
        "29": { "start": { "line": 30, "column": 0 }, "end": { "line": 30, "column": 1 } },
        "31": { "start": { "line": 32, "column": 0 }, "end": { "line": 32, "column": 23 } },
        "32": { "start": { "line": 33, "column": 0 }, "end": { "line": 33, "column": 12 } },
        "41": { "start": { "line": 42, "column": 0 }, "end": { "line": 42, "column": 57 } },
        "42": { "start": { "line": 43, "column": 0 }, "end": { "line": 43, "column": 4 } },
        "43": { "start": { "line": 44, "column": 0 }, "end": { "line": 44, "column": 1 } }
      },
      "s": {
        "0": 0,
        "2": 0,
        "4": 0,
        "6": 0,
        "9": 0,
        "10": 0,
        "11": 0,
        "13": 0,
        "14": 0,
        "17": 0,
        "20": 0,
        "21": 0,
        "22": 0,
        "24": 0,
        "25": 0,
        "26": 0,
        "28": 0,
        "29": 0,
        "31": 0,
        "32": 0,
        "41": 0,
        "42": 0,
        "43": 0
      },
      "branchMap": {
        "0": {
          "type": "branch",
          "line": 1,
          "loc": { "start": { "line": 1, "column": 1289 }, "end": { "line": 44, "column": 1 } },
          "locations": [
            { "start": { "line": 1, "column": 1289 }, "end": { "line": 44, "column": 1 } }
          ]
        }
      },
      "b": { "0": [0] },
      "fnMap": {
        "0": {
          "name": "(empty-report)",
          "decl": { "start": { "line": 1, "column": 1289 }, "end": { "line": 44, "column": 1 } },
          "loc": { "start": { "line": 1, "column": 1289 }, "end": { "line": 44, "column": 1 } },
          "line": 1
        }
      },
      "f": { "0": 0 }
    },
    "/Users/jmfk/Repos/daggergm/types/database.ts": {
      "path": "/Users/jmfk/Repos/daggergm/types/database.ts",
      "all": true,
      "statementMap": {},
      "s": {},
      "branchMap": {
        "0": {
          "type": "branch",
          "line": 1,
          "loc": { "start": { "line": 1, "column": 6096 }, "end": { "line": 236, "column": 1 } },
          "locations": [
            { "start": { "line": 1, "column": 6096 }, "end": { "line": 236, "column": 1 } }
          ]
        }
      },
      "b": { "0": [1] },
      "fnMap": {
        "0": {
          "name": "(empty-report)",
          "decl": { "start": { "line": 1, "column": 6096 }, "end": { "line": 236, "column": 1 } },
          "loc": { "start": { "line": 1, "column": 6096 }, "end": { "line": 236, "column": 1 } },
          "line": 1
        }
      },
      "f": { "0": 1 }
    },
    "/Users/jmfk/Repos/daggergm/types/database.generated.ts": {
      "path": "/Users/jmfk/Repos/daggergm/types/database.generated.ts",
      "all": true,
      "statementMap": {
        "1003": { "start": { "line": 1004, "column": 0 }, "end": { "line": 1004, "column": 26 } },
        "1004": { "start": { "line": 1005, "column": 0 }, "end": { "line": 1005, "column": 11 } },
        "1005": { "start": { "line": 1006, "column": 0 }, "end": { "line": 1006, "column": 12 } },
        "1006": { "start": { "line": 1007, "column": 0 }, "end": { "line": 1007, "column": 55 } },
        "1007": { "start": { "line": 1008, "column": 0 }, "end": { "line": 1008, "column": 6 } },
        "1008": { "start": { "line": 1009, "column": 0 }, "end": { "line": 1009, "column": 4 } },
        "1009": { "start": { "line": 1010, "column": 0 }, "end": { "line": 1010, "column": 10 } }
      },
      "s": { "1003": 0, "1004": 0, "1005": 0, "1006": 0, "1007": 0, "1008": 0, "1009": 0 },
      "branchMap": {
        "0": {
          "type": "branch",
          "line": 1,
          "loc": { "start": { "line": 1, "column": 28916 }, "end": { "line": 1010, "column": 10 } },
          "locations": [
            { "start": { "line": 1, "column": 28916 }, "end": { "line": 1010, "column": 10 } }
          ]
        }
      },
      "b": { "0": [1] },
      "fnMap": {
        "0": {
          "name": "(empty-report)",
          "decl": {
            "start": { "line": 1, "column": 28916 },
            "end": { "line": 1010, "column": 10 }
          },
          "loc": { "start": { "line": 1, "column": 28916 }, "end": { "line": 1010, "column": 10 } },
          "line": 1
        }
      },
      "f": { "0": 1 }
    },
    "/Users/jmfk/Repos/daggergm/next.config.ts": {
      "path": "/Users/jmfk/Repos/daggergm/next.config.ts",
      "all": true,
      "statementMap": {
        "2": { "start": { "line": 3, "column": 0 }, "end": { "line": 3, "column": 32 } },
        "4": { "start": { "line": 5, "column": 0 }, "end": { "line": 5, "column": 2 } },
        "6": { "start": { "line": 7, "column": 0 }, "end": { "line": 7, "column": 26 } }
      },
      "s": { "2": 0, "4": 0, "6": 0 },
      "branchMap": {
        "0": {
          "type": "branch",
          "line": 1,
          "loc": { "start": { "line": 1, "column": 132 }, "end": { "line": 7, "column": 26 } },
          "locations": [
            { "start": { "line": 1, "column": 132 }, "end": { "line": 7, "column": 26 } }
          ]
        }
      },
      "b": { "0": [1] },
      "fnMap": {
        "0": {
          "name": "(empty-report)",
          "decl": { "start": { "line": 1, "column": 132 }, "end": { "line": 7, "column": 26 } },
          "loc": { "start": { "line": 1, "column": 132 }, "end": { "line": 7, "column": 26 } },
          "line": 1
        }
      },
      "f": { "0": 1 }
    },
    "/Users/jmfk/Repos/daggergm/types/adventure.ts": {
      "path": "/Users/jmfk/Repos/daggergm/types/adventure.ts",
      "all": true,
      "statementMap": {
        "0": { "start": { "line": 1, "column": 0 }, "end": { "line": 1, "column": 23 } },
        "3": { "start": { "line": 4, "column": 0 }, "end": { "line": 4, "column": 62 } },
        "6": { "start": { "line": 7, "column": 0 }, "end": { "line": 7, "column": 75 } },
        "9": { "start": { "line": 10, "column": 0 }, "end": { "line": 10, "column": 75 } },
        "12": { "start": { "line": 13, "column": 0 }, "end": { "line": 13, "column": 71 } },
        "16": { "start": { "line": 17, "column": 0 }, "end": { "line": 17, "column": 47 } },
        "17": { "start": { "line": 18, "column": 0 }, "end": { "line": 18, "column": 24 } },
        "18": { "start": { "line": 19, "column": 0 }, "end": { "line": 19, "column": 36 } },
        "19": { "start": { "line": 20, "column": 0 }, "end": { "line": 20, "column": 38 } },
        "20": { "start": { "line": 21, "column": 0 }, "end": { "line": 21, "column": 39 } },
        "21": { "start": { "line": 22, "column": 0 }, "end": { "line": 22, "column": 34 } },
        "22": { "start": { "line": 23, "column": 0 }, "end": { "line": 23, "column": 26 } },
        "23": { "start": { "line": 24, "column": 0 }, "end": { "line": 24, "column": 48 } },
        "24": { "start": { "line": 25, "column": 0 }, "end": { "line": 25, "column": 2 } },
        "29": { "start": { "line": 30, "column": 0 }, "end": { "line": 30, "column": 40 } },
        "30": { "start": { "line": 31, "column": 0 }, "end": { "line": 31, "column": 17 } },
        "31": { "start": { "line": 32, "column": 0 }, "end": { "line": 32, "column": 20 } },
        "32": { "start": { "line": 33, "column": 0 }, "end": { "line": 33, "column": 21 } },
        "33": { "start": { "line": 34, "column": 0 }, "end": { "line": 34, "column": 22 } },
        "34": { "start": { "line": 35, "column": 0 }, "end": { "line": 35, "column": 28 } },
        "35": { "start": { "line": 36, "column": 0 }, "end": { "line": 36, "column": 39 } },
        "36": { "start": { "line": 37, "column": 0 }, "end": { "line": 37, "column": 57 } },
        "37": { "start": { "line": 38, "column": 0 }, "end": { "line": 38, "column": 2 } },
        "42": { "start": { "line": 43, "column": 0 }, "end": { "line": 43, "column": 41 } },
        "43": { "start": { "line": 44, "column": 0 }, "end": { "line": 44, "column": 17 } },
        "44": { "start": { "line": 45, "column": 0 }, "end": { "line": 45, "column": 20 } },
        "45": { "start": { "line": 46, "column": 0 }, "end": { "line": 46, "column": 20 } },
        "46": { "start": { "line": 47, "column": 0 }, "end": { "line": 47, "column": 20 } },
        "47": { "start": { "line": 48, "column": 0 }, "end": { "line": 48, "column": 52 } },
        "48": { "start": { "line": 49, "column": 0 }, "end": { "line": 49, "column": 32 } },
        "49": { "start": { "line": 50, "column": 0 }, "end": { "line": 50, "column": 37 } },
        "50": { "start": { "line": 51, "column": 0 }, "end": { "line": 51, "column": 57 } },
        "51": { "start": { "line": 52, "column": 0 }, "end": { "line": 52, "column": 25 } },
        "52": { "start": { "line": 53, "column": 0 }, "end": { "line": 53, "column": 25 } },
        "53": { "start": { "line": 54, "column": 0 }, "end": { "line": 54, "column": 37 } },
        "54": { "start": { "line": 55, "column": 0 }, "end": { "line": 55, "column": 2 } },
        "59": { "start": { "line": 60, "column": 0 }, "end": { "line": 60, "column": 46 } },
        "60": { "start": { "line": 61, "column": 0 }, "end": { "line": 61, "column": 20 } },
        "61": { "start": { "line": 62, "column": 0 }, "end": { "line": 62, "column": 22 } },
        "62": { "start": { "line": 63, "column": 0 }, "end": { "line": 63, "column": 21 } },
        "63": { "start": { "line": 64, "column": 0 }, "end": { "line": 64, "column": 14 } },
        "64": { "start": { "line": 65, "column": 0 }, "end": { "line": 65, "column": 24 } },
        "65": { "start": { "line": 66, "column": 0 }, "end": { "line": 66, "column": 25 } },
        "66": { "start": { "line": 67, "column": 0 }, "end": { "line": 67, "column": 30 } },
        "67": { "start": { "line": 68, "column": 0 }, "end": { "line": 68, "column": 32 } },
        "68": { "start": { "line": 69, "column": 0 }, "end": { "line": 69, "column": 7 } },
        "69": { "start": { "line": 70, "column": 0 }, "end": { "line": 70, "column": 4 } },
        "70": { "start": { "line": 71, "column": 0 }, "end": { "line": 71, "column": 29 } },
        "71": { "start": { "line": 72, "column": 0 }, "end": { "line": 72, "column": 30 } },
        "72": { "start": { "line": 73, "column": 0 }, "end": { "line": 73, "column": 2 } }
      },
      "s": {
        "0": 0,
        "3": 0,
        "6": 0,
        "9": 0,
        "12": 0,
        "16": 0,
        "17": 0,
        "18": 0,
        "19": 0,
        "20": 0,
        "21": 0,
        "22": 0,
        "23": 0,
        "24": 0,
        "29": 0,
        "30": 0,
        "31": 0,
        "32": 0,
        "33": 0,
        "34": 0,
        "35": 0,
        "36": 0,
        "37": 0,
        "42": 0,
        "43": 0,
        "44": 0,
        "45": 0,
        "46": 0,
        "47": 0,
        "48": 0,
        "49": 0,
        "50": 0,
        "51": 0,
        "52": 0,
        "53": 0,
        "54": 0,
        "59": 0,
        "60": 0,
        "61": 0,
        "62": 0,
        "63": 0,
        "64": 0,
        "65": 0,
        "66": 0,
        "67": 0,
        "68": 0,
        "69": 0,
        "70": 0,
        "71": 0,
        "72": 0
      },
      "branchMap": {
        "0": {
          "type": "branch",
          "line": 1,
          "loc": { "start": { "line": 1, "column": 2200 }, "end": { "line": 75, "column": 65 } },
          "locations": [
            { "start": { "line": 1, "column": 2200 }, "end": { "line": 75, "column": 65 } }
          ]
        }
      },
      "b": { "0": [0] },
      "fnMap": {
        "0": {
          "name": "(empty-report)",
          "decl": { "start": { "line": 1, "column": 2200 }, "end": { "line": 75, "column": 65 } },
          "loc": { "start": { "line": 1, "column": 2200 }, "end": { "line": 75, "column": 65 } },
          "line": 1
        }
      },
      "f": { "0": 0 }
    },
    "/Users/jmfk/Repos/daggergm/lib/utils.ts": {
      "path": "/Users/jmfk/Repos/daggergm/lib/utils.ts",
      "all": true,
      "statementMap": {
        "0": { "start": { "line": 1, "column": 0 }, "end": { "line": 1, "column": 44 } },
        "1": { "start": { "line": 2, "column": 0 }, "end": { "line": 2, "column": 40 } },
        "3": { "start": { "line": 4, "column": 0 }, "end": { "line": 4, "column": 45 } },
        "4": { "start": { "line": 5, "column": 0 }, "end": { "line": 5, "column": 30 } },
        "5": { "start": { "line": 6, "column": 0 }, "end": { "line": 6, "column": 1 } }
      },
      "s": { "0": 0, "1": 0, "3": 0, "4": 0, "5": 0 },
      "branchMap": {
        "0": {
          "type": "branch",
          "line": 1,
          "loc": { "start": { "line": 1, "column": 165 }, "end": { "line": 6, "column": 1 } },
          "locations": [
            { "start": { "line": 1, "column": 165 }, "end": { "line": 6, "column": 1 } }
          ]
        }
      },
      "b": { "0": [0] },
      "fnMap": {
        "0": {
          "name": "(empty-report)",
          "decl": { "start": { "line": 1, "column": 165 }, "end": { "line": 6, "column": 1 } },
          "loc": { "start": { "line": 1, "column": 165 }, "end": { "line": 6, "column": 1 } },
          "line": 1
        }
      },
      "f": { "0": 0 }
    },
    "/Users/jmfk/Repos/daggergm/lib/validation/movement.ts": {
      "path": "/Users/jmfk/Repos/daggergm/lib/validation/movement.ts",
      "all": true,
      "statementMap": {
        "0": { "start": { "line": 1, "column": 0 }, "end": { "line": 1, "column": 23 } },
        "1": { "start": { "line": 2, "column": 0 }, "end": { "line": 2, "column": 48 } },
        "3": { "start": { "line": 4, "column": 0 }, "end": { "line": 4, "column": 46 } },
        "4": { "start": { "line": 5, "column": 0 }, "end": { "line": 5, "column": 47 } },
        "5": { "start": { "line": 6, "column": 0 }, "end": { "line": 6, "column": 44 } },
        "6": { "start": { "line": 7, "column": 0 }, "end": { "line": 7, "column": 32 } },
        "7": { "start": { "line": 8, "column": 0 }, "end": { "line": 8, "column": 39 } },
        "8": { "start": { "line": 9, "column": 0 }, "end": { "line": 9, "column": 35 } },
        "9": { "start": { "line": 10, "column": 0 }, "end": { "line": 10, "column": 57 } },
        "10": { "start": { "line": 11, "column": 0 }, "end": { "line": 11, "column": 2 } },
        "14": { "start": { "line": 15, "column": 0 }, "end": { "line": 15, "column": 49 } },
        "15": { "start": { "line": 16, "column": 0 }, "end": { "line": 16, "column": 32 } },
        "16": { "start": { "line": 17, "column": 0 }, "end": { "line": 17, "column": 38 } },
        "17": { "start": { "line": 18, "column": 0 }, "end": { "line": 18, "column": 44 } },
        "18": { "start": { "line": 19, "column": 0 }, "end": { "line": 19, "column": 2 } }
      },
      "s": {
        "0": 0,
        "1": 0,
        "3": 0,
        "4": 0,
        "5": 0,
        "6": 0,
        "7": 0,
        "8": 0,
        "9": 0,
        "10": 0,
        "14": 0,
        "15": 0,
        "16": 0,
        "17": 0,
        "18": 0
      },
      "branchMap": {
        "0": {
          "type": "branch",
          "line": 1,
          "loc": { "start": { "line": 1, "column": 694 }, "end": { "line": 21, "column": 71 } },
          "locations": [
            { "start": { "line": 1, "column": 694 }, "end": { "line": 21, "column": 71 } }
          ]
        }
      },
      "b": { "0": [0] },
      "fnMap": {
        "0": {
          "name": "(empty-report)",
          "decl": { "start": { "line": 1, "column": 694 }, "end": { "line": 21, "column": 71 } },
          "loc": { "start": { "line": 1, "column": 694 }, "end": { "line": 21, "column": 71 } },
          "line": 1
        }
      },
      "f": { "0": 0 }
    },
    "/Users/jmfk/Repos/daggergm/lib/supabase/client.ts": {
      "path": "/Users/jmfk/Repos/daggergm/lib/supabase/client.ts",
      "all": true,
      "statementMap": {
        "0": { "start": { "line": 1, "column": 0 }, "end": { "line": 1, "column": 51 } },
        "3": { "start": { "line": 4, "column": 0 }, "end": { "line": 4, "column": 32 } },
        "4": { "start": { "line": 5, "column": 0 }, "end": { "line": 5, "column": 39 } },
        "5": { "start": { "line": 6, "column": 0 }, "end": { "line": 6, "column": 42 } },
        "6": { "start": { "line": 7, "column": 0 }, "end": { "line": 7, "column": 47 } },
        "7": { "start": { "line": 8, "column": 0 }, "end": { "line": 8, "column": 3 } },
        "8": { "start": { "line": 9, "column": 0 }, "end": { "line": 9, "column": 1 } }
      },
      "s": { "0": 0, "3": 0, "4": 0, "5": 0, "6": 0, "7": 0, "8": 0 },
      "branchMap": {
        "0": {
          "type": "branch",
          "line": 1,
          "loc": { "start": { "line": 1, "column": 266 }, "end": { "line": 9, "column": 1 } },
          "locations": [
            { "start": { "line": 1, "column": 266 }, "end": { "line": 9, "column": 1 } }
          ]
        }
      },
      "b": { "0": [0] },
      "fnMap": {
        "0": {
          "name": "(empty-report)",
          "decl": { "start": { "line": 1, "column": 266 }, "end": { "line": 9, "column": 1 } },
          "loc": { "start": { "line": 1, "column": 266 }, "end": { "line": 9, "column": 1 } },
          "line": 1
        }
      },
      "f": { "0": 0 }
    },
    "/Users/jmfk/Repos/daggergm/lib/supabase/server.ts": {
      "path": "/Users/jmfk/Repos/daggergm/lib/supabase/server.ts",
      "all": true,
      "statementMap": {
        "0": { "start": { "line": 1, "column": 0 }, "end": { "line": 1, "column": 50 } },
        "1": { "start": { "line": 2, "column": 0 }, "end": { "line": 2, "column": 38 } },
        "4": { "start": { "line": 5, "column": 0 }, "end": { "line": 5, "column": 52 } },
        "5": { "start": { "line": 6, "column": 0 }, "end": { "line": 6, "column": 37 } },
        "7": { "start": { "line": 8, "column": 0 }, "end": { "line": 8, "column": 38 } },
        "8": { "start": { "line": 9, "column": 0 }, "end": { "line": 9, "column": 42 } },
        "9": { "start": { "line": 10, "column": 0 }, "end": { "line": 10, "column": 47 } },
        "10": { "start": { "line": 11, "column": 0 }, "end": { "line": 11, "column": 5 } },
        "11": { "start": { "line": 12, "column": 0 }, "end": { "line": 12, "column": 16 } },
        "12": { "start": { "line": 13, "column": 0 }, "end": { "line": 13, "column": 18 } },
        "13": { "start": { "line": 14, "column": 0 }, "end": { "line": 14, "column": 37 } },
        "14": { "start": { "line": 15, "column": 0 }, "end": { "line": 15, "column": 10 } },
        "15": { "start": { "line": 16, "column": 0 }, "end": { "line": 16, "column": 30 } },
        "16": { "start": { "line": 17, "column": 0 }, "end": { "line": 17, "column": 15 } },
        "17": { "start": { "line": 18, "column": 0 }, "end": { "line": 18, "column": 62 } },
        "18": { "start": { "line": 19, "column": 0 }, "end": { "line": 19, "column": 52 } },
        "19": { "start": { "line": 20, "column": 0 }, "end": { "line": 20, "column": 13 } },
        "20": { "start": { "line": 21, "column": 0 }, "end": { "line": 21, "column": 19 } },
        "24": { "start": { "line": 25, "column": 0 }, "end": { "line": 25, "column": 11 } },
        "25": { "start": { "line": 26, "column": 0 }, "end": { "line": 26, "column": 10 } },
        "26": { "start": { "line": 27, "column": 0 }, "end": { "line": 27, "column": 8 } },
        "27": { "start": { "line": 28, "column": 0 }, "end": { "line": 28, "column": 6 } },
        "28": { "start": { "line": 29, "column": 0 }, "end": { "line": 29, "column": 3 } },
        "29": { "start": { "line": 30, "column": 0 }, "end": { "line": 30, "column": 1 } },
        "31": { "start": { "line": 32, "column": 0 }, "end": { "line": 32, "column": 49 } },
        "32": { "start": { "line": 33, "column": 0 }, "end": { "line": 33, "column": 38 } },
        "33": { "start": { "line": 34, "column": 0 }, "end": { "line": 34, "column": 42 } },
        "34": { "start": { "line": 35, "column": 0 }, "end": { "line": 35, "column": 43 } },
        "35": { "start": { "line": 36, "column": 0 }, "end": { "line": 36, "column": 5 } },
        "36": { "start": { "line": 37, "column": 0 }, "end": { "line": 37, "column": 16 } },
        "37": { "start": { "line": 38, "column": 0 }, "end": { "line": 38, "column": 18 } },
        "38": { "start": { "line": 39, "column": 0 }, "end": { "line": 39, "column": 19 } },
        "39": { "start": { "line": 40, "column": 0 }, "end": { "line": 40, "column": 10 } },
        "40": { "start": { "line": 41, "column": 0 }, "end": { "line": 41, "column": 20 } },
        "41": { "start": { "line": 42, "column": 0 }, "end": { "line": 42, "column": 8 } },
        "42": { "start": { "line": 43, "column": 0 }, "end": { "line": 43, "column": 6 } },
        "43": { "start": { "line": 44, "column": 0 }, "end": { "line": 44, "column": 3 } },
        "44": { "start": { "line": 45, "column": 0 }, "end": { "line": 45, "column": 1 } }
      },
      "s": {
        "0": 0,
        "1": 0,
        "4": 0,
        "5": 0,
        "7": 0,
        "8": 0,
        "9": 0,
        "10": 0,
        "11": 0,
        "12": 0,
        "13": 0,
        "14": 0,
        "15": 0,
        "16": 0,
        "17": 0,
        "18": 0,
        "19": 0,
        "20": 0,
        "24": 0,
        "25": 0,
        "26": 0,
        "27": 0,
        "28": 0,
        "29": 0,
        "31": 0,
        "32": 0,
        "33": 0,
        "34": 0,
        "35": 0,
        "36": 0,
        "37": 0,
        "38": 0,
        "39": 0,
        "40": 0,
        "41": 0,
        "42": 0,
        "43": 0,
        "44": 0
      },
      "branchMap": {
        "0": {
          "type": "branch",
          "line": 1,
          "loc": { "start": { "line": 1, "column": 1149 }, "end": { "line": 45, "column": 1 } },
          "locations": [
            { "start": { "line": 1, "column": 1149 }, "end": { "line": 45, "column": 1 } }
          ]
        }
      },
      "b": { "0": [0] },
      "fnMap": {
        "0": {
          "name": "(empty-report)",
          "decl": { "start": { "line": 1, "column": 1149 }, "end": { "line": 45, "column": 1 } },
          "loc": { "start": { "line": 1, "column": 1149 }, "end": { "line": 45, "column": 1 } },
          "line": 1
        }
      },
      "f": { "0": 0 }
    },
    "/Users/jmfk/Repos/daggergm/lib/supabase/middleware.ts": {
      "path": "/Users/jmfk/Repos/daggergm/lib/supabase/middleware.ts",
      "all": true,
      "statementMap": {
        "0": { "start": { "line": 1, "column": 0 }, "end": { "line": 1, "column": 50 } },
        "1": { "start": { "line": 2, "column": 0 }, "end": { "line": 2, "column": 60 } },
        "3": { "start": { "line": 4, "column": 0 }, "end": { "line": 4, "column": 59 } },
        "4": { "start": { "line": 5, "column": 0 }, "end": { "line": 5, "column": 36 } },
        "5": { "start": { "line": 6, "column": 0 }, "end": { "line": 6, "column": 14 } },
        "6": { "start": { "line": 7, "column": 0 }, "end": { "line": 7, "column": 31 } },
        "7": { "start": { "line": 8, "column": 0 }, "end": { "line": 8, "column": 6 } },
        "8": { "start": { "line": 9, "column": 0 }, "end": { "line": 9, "column": 4 } },
        "10": { "start": { "line": 11, "column": 0 }, "end": { "line": 11, "column": 38 } },
        "11": { "start": { "line": 12, "column": 0 }, "end": { "line": 12, "column": 42 } },
        "12": { "start": { "line": 13, "column": 0 }, "end": { "line": 13, "column": 47 } },
        "13": { "start": { "line": 14, "column": 0 }, "end": { "line": 14, "column": 5 } },
        "14": { "start": { "line": 15, "column": 0 }, "end": { "line": 15, "column": 16 } },
        "15": { "start": { "line": 16, "column": 0 }, "end": { "line": 16, "column": 18 } },
        "16": { "start": { "line": 17, "column": 0 }, "end": { "line": 17, "column": 41 } },
        "17": { "start": { "line": 18, "column": 0 }, "end": { "line": 18, "column": 10 } },
        "18": { "start": { "line": 19, "column": 0 }, "end": { "line": 19, "column": 30 } },
        "19": { "start": { "line": 20, "column": 0 }, "end": { "line": 20, "column": 85 } },
        "20": { "start": { "line": 21, "column": 0 }, "end": { "line": 21, "column": 40 } },
        "21": { "start": { "line": 22, "column": 0 }, "end": { "line": 22, "column": 20 } },
        "22": { "start": { "line": 23, "column": 0 }, "end": { "line": 23, "column": 12 } },
        "23": { "start": { "line": 24, "column": 0 }, "end": { "line": 24, "column": 60 } },
        "24": { "start": { "line": 25, "column": 0 }, "end": { "line": 25, "column": 55 } },
        "25": { "start": { "line": 26, "column": 0 }, "end": { "line": 26, "column": 11 } },
        "26": { "start": { "line": 27, "column": 0 }, "end": { "line": 27, "column": 10 } },
        "27": { "start": { "line": 28, "column": 0 }, "end": { "line": 28, "column": 8 } },
        "28": { "start": { "line": 29, "column": 0 }, "end": { "line": 29, "column": 6 } },
        "29": { "start": { "line": 30, "column": 0 }, "end": { "line": 30, "column": 3 } },
        "32": { "start": { "line": 33, "column": 0 }, "end": { "line": 33, "column": 31 } },
        "34": { "start": { "line": 35, "column": 0 }, "end": { "line": 35, "column": 17 } },
        "35": { "start": { "line": 36, "column": 0 }, "end": { "line": 36, "column": 1 } }
      },
      "s": {
        "0": 0,
        "1": 0,
        "3": 0,
        "4": 0,
        "5": 0,
        "6": 0,
        "7": 0,
        "8": 0,
        "10": 0,
        "11": 0,
        "12": 0,
        "13": 0,
        "14": 0,
        "15": 0,
        "16": 0,
        "17": 0,
        "18": 0,
        "19": 0,
        "20": 0,
        "21": 0,
        "22": 0,
        "23": 0,
        "24": 0,
        "25": 0,
        "26": 0,
        "27": 0,
        "28": 0,
        "29": 0,
        "32": 0,
        "34": 0,
        "35": 0
      },
      "branchMap": {
        "0": {
          "type": "branch",
          "line": 1,
          "loc": { "start": { "line": 1, "column": 931 }, "end": { "line": 36, "column": 1 } },
          "locations": [
            { "start": { "line": 1, "column": 931 }, "end": { "line": 36, "column": 1 } }
          ]
        }
      },
      "b": { "0": [0] },
      "fnMap": {
        "0": {
          "name": "(empty-report)",
          "decl": { "start": { "line": 1, "column": 931 }, "end": { "line": 36, "column": 1 } },
          "loc": { "start": { "line": 1, "column": 931 }, "end": { "line": 36, "column": 1 } },
          "line": 1
        }
      },
      "f": { "0": 0 }
    },
    "/Users/jmfk/Repos/daggergm/app/layout.tsx": {
      "path": "/Users/jmfk/Repos/daggergm/app/layout.tsx",
      "all": true,
      "statementMap": {
        "1": { "start": { "line": 2, "column": 0 }, "end": { "line": 2, "column": 52 } },
        "2": { "start": { "line": 3, "column": 0 }, "end": { "line": 3, "column": 32 } },
        "3": { "start": { "line": 4, "column": 0 }, "end": { "line": 4, "column": 22 } },
        "5": { "start": { "line": 6, "column": 0 }, "end": { "line": 6, "column": 25 } },
        "6": { "start": { "line": 7, "column": 0 }, "end": { "line": 7, "column": 32 } },
        "7": { "start": { "line": 8, "column": 0 }, "end": { "line": 8, "column": 21 } },
        "8": { "start": { "line": 9, "column": 0 }, "end": { "line": 9, "column": 2 } },
        "10": { "start": { "line": 11, "column": 0 }, "end": { "line": 11, "column": 30 } },
        "11": { "start": { "line": 12, "column": 0 }, "end": { "line": 12, "column": 32 } },
        "12": { "start": { "line": 13, "column": 0 }, "end": { "line": 13, "column": 21 } },
        "13": { "start": { "line": 14, "column": 0 }, "end": { "line": 14, "column": 2 } },
        "15": { "start": { "line": 16, "column": 0 }, "end": { "line": 16, "column": 35 } },
        "16": { "start": { "line": 17, "column": 0 }, "end": { "line": 17, "column": 56 } },
        "17": { "start": { "line": 18, "column": 0 }, "end": { "line": 18, "column": 97 } },
        "18": { "start": { "line": 19, "column": 0 }, "end": { "line": 19, "column": 1 } },
        "20": { "start": { "line": 21, "column": 0 }, "end": { "line": 21, "column": 36 } },
        "21": { "start": { "line": 22, "column": 0 }, "end": { "line": 22, "column": 11 } },
        "22": { "start": { "line": 23, "column": 0 }, "end": { "line": 23, "column": 13 } },
        "24": { "start": { "line": 25, "column": 0 }, "end": { "line": 25, "column": 5 } },
        "25": { "start": { "line": 26, "column": 0 }, "end": { "line": 26, "column": 10 } },
        "26": { "start": { "line": 27, "column": 0 }, "end": { "line": 27, "column": 45 } },
        "27": { "start": { "line": 28, "column": 0 }, "end": { "line": 28, "column": 82 } },
        "28": { "start": { "line": 29, "column": 0 }, "end": { "line": 29, "column": 18 } },
        "29": { "start": { "line": 30, "column": 0 }, "end": { "line": 30, "column": 43 } },
        "30": { "start": { "line": 31, "column": 0 }, "end": { "line": 31, "column": 13 } },
        "31": { "start": { "line": 32, "column": 0 }, "end": { "line": 32, "column": 11 } },
        "33": { "start": { "line": 34, "column": 0 }, "end": { "line": 34, "column": 1 } }
      },
      "s": {
        "1": 0,
        "2": 0,
        "3": 0,
        "5": 0,
        "6": 0,
        "7": 0,
        "8": 0,
        "10": 0,
        "11": 0,
        "12": 0,
        "13": 0,
        "15": 0,
        "16": 0,
        "17": 0,
        "18": 0,
        "20": 0,
        "21": 0,
        "22": 0,
        "24": 0,
        "25": 0,
        "26": 0,
        "27": 0,
        "28": 0,
        "29": 0,
        "30": 0,
        "31": 0,
        "33": 0
      },
      "branchMap": {
        "0": {
          "type": "branch",
          "line": 1,
          "loc": { "start": { "line": 1, "column": 847 }, "end": { "line": 34, "column": 1 } },
          "locations": [
            { "start": { "line": 1, "column": 847 }, "end": { "line": 34, "column": 1 } }
          ]
        }
      },
      "b": { "0": [1] },
      "fnMap": {
        "0": {
          "name": "(empty-report)",
          "decl": { "start": { "line": 1, "column": 847 }, "end": { "line": 34, "column": 1 } },
          "loc": { "start": { "line": 1, "column": 847 }, "end": { "line": 34, "column": 1 } },
          "line": 1
        }
      },
      "f": { "0": 1 }
    },
    "/Users/jmfk/Repos/daggergm/components/ui/sonner.tsx": {
      "path": "/Users/jmfk/Repos/daggergm/components/ui/sonner.tsx",
      "all": true,
      "statementMap": {
        "2": { "start": { "line": 3, "column": 0 }, "end": { "line": 3, "column": 38 } },
        "3": { "start": { "line": 4, "column": 0 }, "end": { "line": 4, "column": 56 } },
        "5": { "start": { "line": 6, "column": 0 }, "end": { "line": 6, "column": 49 } },
        "6": { "start": { "line": 7, "column": 0 }, "end": { "line": 7, "column": 41 } },
        "8": { "start": { "line": 9, "column": 0 }, "end": { "line": 9, "column": 10 } },
        "9": { "start": { "line": 10, "column": 0 }, "end": { "line": 10, "column": 11 } },
        "10": { "start": { "line": 11, "column": 0 }, "end": { "line": 11, "column": 44 } },
        "11": { "start": { "line": 12, "column": 0 }, "end": { "line": 12, "column": 31 } },
        "12": { "start": { "line": 13, "column": 0 }, "end": { "line": 13, "column": 13 } },
        "13": { "start": { "line": 14, "column": 0 }, "end": { "line": 14, "column": 9 } },
        "14": { "start": { "line": 15, "column": 0 }, "end": { "line": 15, "column": 42 } },
        "15": { "start": { "line": 16, "column": 0 }, "end": { "line": 16, "column": 55 } },
        "16": { "start": { "line": 17, "column": 0 }, "end": { "line": 17, "column": 45 } },
        "17": { "start": { "line": 18, "column": 0 }, "end": { "line": 18, "column": 32 } },
        "19": { "start": { "line": 20, "column": 0 }, "end": { "line": 20, "column": 16 } },
        "20": { "start": { "line": 21, "column": 0 }, "end": { "line": 21, "column": 6 } },
        "22": { "start": { "line": 23, "column": 0 }, "end": { "line": 23, "column": 1 } }
      },
      "s": {
        "2": 0,
        "3": 0,
        "5": 0,
        "6": 0,
        "8": 0,
        "9": 0,
        "10": 0,
        "11": 0,
        "12": 0,
        "13": 0,
        "14": 0,
        "15": 0,
        "16": 0,
        "17": 0,
        "19": 0,
        "20": 0,
        "22": 0
      },
      "branchMap": {
        "0": {
          "type": "branch",
          "line": 1,
          "loc": { "start": { "line": 1, "column": 563 }, "end": { "line": 25, "column": 18 } },
          "locations": [
            { "start": { "line": 1, "column": 563 }, "end": { "line": 25, "column": 18 } }
          ]
        }
      },
      "b": { "0": [1] },
      "fnMap": {
        "0": {
          "name": "(empty-report)",
          "decl": { "start": { "line": 1, "column": 563 }, "end": { "line": 25, "column": 18 } },
          "loc": { "start": { "line": 1, "column": 563 }, "end": { "line": 25, "column": 18 } },
          "line": 1
        }
      },
      "f": { "0": 1 }
    },
    "/Users/jmfk/Repos/daggergm/app/page.tsx": {
      "path": "/Users/jmfk/Repos/daggergm/app/page.tsx",
      "all": true,
      "statementMap": {
        "0": { "start": { "line": 1, "column": 0 }, "end": { "line": 1, "column": 28 } },
        "1": { "start": { "line": 2, "column": 0 }, "end": { "line": 2, "column": 47 } },
        "3": { "start": { "line": 4, "column": 0 }, "end": { "line": 4, "column": 32 } },
        "4": { "start": { "line": 5, "column": 0 }, "end": { "line": 5, "column": 10 } },
        "5": { "start": { "line": 6, "column": 0 }, "end": { "line": 6, "column": 30 } },
        "7": { "start": { "line": 8, "column": 0 }, "end": { "line": 8, "column": 56 } },
        "8": { "start": { "line": 9, "column": 0 }, "end": { "line": 9, "column": 94 } },
        "9": { "start": { "line": 10, "column": 0 }, "end": { "line": 10, "column": 90 } },
        "10": { "start": { "line": 11, "column": 0 }, "end": { "line": 11, "column": 80 } },
        "12": { "start": { "line": 13, "column": 0 }, "end": { "line": 13, "column": 17 } },
        "13": { "start": { "line": 14, "column": 0 }, "end": { "line": 14, "column": 72 } },
        "17": { "start": { "line": 18, "column": 0 }, "end": { "line": 18, "column": 16 } },
        "18": { "start": { "line": 19, "column": 0 }, "end": { "line": 19, "column": 61 } },
        "19": { "start": { "line": 20, "column": 0 }, "end": { "line": 20, "column": 39 } },
        "20": { "start": { "line": 21, "column": 0 }, "end": { "line": 21, "column": 54 } },
        "21": { "start": { "line": 22, "column": 0 }, "end": { "line": 22, "column": 21 } },
        "22": { "start": { "line": 23, "column": 0 }, "end": { "line": 23, "column": 43 } },
        "23": { "start": { "line": 24, "column": 0 }, "end": { "line": 24, "column": 52 } },
        "25": { "start": { "line": 26, "column": 0 }, "end": { "line": 26, "column": 25 } },
        "26": { "start": { "line": 27, "column": 0 }, "end": { "line": 27, "column": 21 } },
        "27": { "start": { "line": 28, "column": 0 }, "end": { "line": 28, "column": 18 } },
        "28": { "start": { "line": 29, "column": 0 }, "end": { "line": 29, "column": 16 } },
        "29": { "start": { "line": 30, "column": 0 }, "end": { "line": 30, "column": 14 } },
        "30": { "start": { "line": 31, "column": 0 }, "end": { "line": 31, "column": 12 } },
        "33": { "start": { "line": 34, "column": 0 }, "end": { "line": 34, "column": 69 } },
        "34": { "start": { "line": 35, "column": 0 }, "end": { "line": 35, "column": 58 } },
        "35": { "start": { "line": 36, "column": 0 }, "end": { "line": 36, "column": 97 } },
        "36": { "start": { "line": 37, "column": 0 }, "end": { "line": 37, "column": 76 } },
        "38": { "start": { "line": 39, "column": 0 }, "end": { "line": 39, "column": 14 } },
        "39": { "start": { "line": 40, "column": 0 }, "end": { "line": 40, "column": 70 } },
        "42": { "start": { "line": 43, "column": 0 }, "end": { "line": 43, "column": 14 } },
        "43": { "start": { "line": 44, "column": 0 }, "end": { "line": 44, "column": 14 } },
        "44": { "start": { "line": 45, "column": 0 }, "end": { "line": 45, "column": 81 } },
        "45": { "start": { "line": 46, "column": 0 }, "end": { "line": 46, "column": 98 } },
        "46": { "start": { "line": 47, "column": 0 }, "end": { "line": 47, "column": 43 } },
        "47": { "start": { "line": 48, "column": 0 }, "end": { "line": 48, "column": 91 } },
        "48": { "start": { "line": 49, "column": 0 }, "end": { "line": 49, "column": 101 } },
        "49": { "start": { "line": 50, "column": 0 }, "end": { "line": 50, "column": 41 } },
        "52": { "start": { "line": 53, "column": 0 }, "end": { "line": 53, "column": 20 } },
        "53": { "start": { "line": 54, "column": 0 }, "end": { "line": 54, "column": 19 } },
        "54": { "start": { "line": 55, "column": 0 }, "end": { "line": 55, "column": 18 } },
        "55": { "start": { "line": 56, "column": 0 }, "end": { "line": 56, "column": 43 } },
        "56": { "start": { "line": 57, "column": 0 }, "end": { "line": 57, "column": 88 } },
        "57": { "start": { "line": 58, "column": 0 }, "end": { "line": 58, "column": 101 } },
        "58": { "start": { "line": 59, "column": 0 }, "end": { "line": 59, "column": 41 } },
        "61": { "start": { "line": 62, "column": 0 }, "end": { "line": 62, "column": 20 } },
        "62": { "start": { "line": 63, "column": 0 }, "end": { "line": 63, "column": 19 } },
        "63": { "start": { "line": 64, "column": 0 }, "end": { "line": 64, "column": 18 } },
        "64": { "start": { "line": 65, "column": 0 }, "end": { "line": 65, "column": 43 } },
        "65": { "start": { "line": 66, "column": 0 }, "end": { "line": 66, "column": 90 } },
        "66": { "start": { "line": 67, "column": 0 }, "end": { "line": 67, "column": 101 } },
        "67": { "start": { "line": 68, "column": 0 }, "end": { "line": 68, "column": 41 } },
        "70": { "start": { "line": 71, "column": 0 }, "end": { "line": 71, "column": 20 } },
        "71": { "start": { "line": 72, "column": 0 }, "end": { "line": 72, "column": 19 } },
        "72": { "start": { "line": 73, "column": 0 }, "end": { "line": 73, "column": 18 } },
        "73": { "start": { "line": 74, "column": 0 }, "end": { "line": 74, "column": 15 } },
        "74": { "start": { "line": 75, "column": 0 }, "end": { "line": 75, "column": 14 } },
        "75": { "start": { "line": 76, "column": 0 }, "end": { "line": 76, "column": 12 } },
        "78": { "start": { "line": 79, "column": 0 }, "end": { "line": 79, "column": 69 } },
        "79": { "start": { "line": 80, "column": 0 }, "end": { "line": 80, "column": 55 } },
        "80": { "start": { "line": 81, "column": 0 }, "end": { "line": 81, "column": 72 } },
        "82": { "start": { "line": 83, "column": 0 }, "end": { "line": 83, "column": 15 } },
        "83": { "start": { "line": 84, "column": 0 }, "end": { "line": 84, "column": 87 } },
        "86": { "start": { "line": 87, "column": 0 }, "end": { "line": 87, "column": 14 } },
        "87": { "start": { "line": 88, "column": 0 }, "end": { "line": 88, "column": 74 } },
        "88": { "start": { "line": 89, "column": 0 }, "end": { "line": 89, "column": 37 } },
        "89": { "start": { "line": 90, "column": 0 }, "end": { "line": 90, "column": 66 } },
        "90": { "start": { "line": 91, "column": 0 }, "end": { "line": 91, "column": 19 } },
        "91": { "start": { "line": 92, "column": 0 }, "end": { "line": 92, "column": 16 } },
        "92": { "start": { "line": 93, "column": 0 }, "end": { "line": 93, "column": 14 } },
        "93": { "start": { "line": 94, "column": 0 }, "end": { "line": 94, "column": 12 } },
        "94": { "start": { "line": 95, "column": 0 }, "end": { "line": 95, "column": 10 } },
        "96": { "start": { "line": 97, "column": 0 }, "end": { "line": 97, "column": 1 } }
      },
      "s": {
        "0": 0,
        "1": 0,
[...]
        "102": { "start": { "line": 103, "column": 0 }, "end": { "line": 103, "column": 98 } },
        "103": { "start": { "line": 104, "column": 0 }, "end": { "line": 104, "column": 28 } },
        "104": { "start": { "line": 105, "column": 0 }, "end": { "line": 105, "column": 16 } },
        "105": { "start": { "line": 106, "column": 0 }, "end": { "line": 106, "column": 6 } },
        "107": { "start": { "line": 108, "column": 0 }, "end": { "line": 108, "column": 1 } },
        "109": { "start": { "line": 110, "column": 0 }, "end": { "line": 110, "column": 78 } },
        "110": { "start": { "line": 111, "column": 0 }, "end": { "line": 111, "column": 46 } },
        "112": { "start": { "line": 113, "column": 0 }, "end": { "line": 113, "column": 10 } },
        "113": { "start": { "line": 114, "column": 0 }, "end": { "line": 114, "column": 6 } },
        "114": { "start": { "line": 115, "column": 0 }, "end": { "line": 115, "column": 34 } },
        "115": { "start": { "line": 116, "column": 0 }, "end": { "line": 116, "column": 28 } },
        "116": { "start": { "line": 117, "column": 0 }, "end": { "line": 117, "column": 64 } },
        "117": { "start": { "line": 118, "column": 0 }, "end": { "line": 118, "column": 16 } },
        "118": { "start": { "line": 119, "column": 0 }, "end": { "line": 119, "column": 6 } },
        "120": { "start": { "line": 121, "column": 0 }, "end": { "line": 121, "column": 1 } },
        "122": { "start": { "line": 123, "column": 0 }, "end": { "line": 123, "column": 74 } },
        "123": { "start": { "line": 124, "column": 0 }, "end": { "line": 124, "column": 49 } },
        "124": { "start": { "line": 125, "column": 0 }, "end": { "line": 125, "column": 68 } },
        "126": { "start": { "line": 127, "column": 0 }, "end": { "line": 127, "column": 14 } },
        "127": { "start": { "line": 128, "column": 0 }, "end": { "line": 128, "column": 15 } },
        "128": { "start": { "line": 129, "column": 0 }, "end": { "line": 129, "column": 3 } },
        "130": { "start": { "line": 131, "column": 0 }, "end": { "line": 131, "column": 10 } },
        "131": { "start": { "line": 132, "column": 0 }, "end": { "line": 132, "column": 6 } },
        "132": { "start": { "line": 133, "column": 0 }, "end": { "line": 133, "column": 30 } },
        "133": { "start": { "line": 134, "column": 0 }, "end": { "line": 134, "column": 24 } },
        "134": { "start": { "line": 135, "column": 0 }, "end": { "line": 135, "column": 59 } },
        "135": { "start": { "line": 136, "column": 0 }, "end": { "line": 136, "column": 16 } },
        "137": { "start": { "line": 138, "column": 0 }, "end": { "line": 138, "column": 12 } },
        "138": { "start": { "line": 139, "column": 0 }, "end": { "line": 139, "column": 8 } },
        "140": { "start": { "line": 141, "column": 0 }, "end": { "line": 141, "column": 1 } }
      },
      "s": {
        "2": 0,
        "4": 0,
        "5": 0,
        "15": 0,
        "16": 0,
        "18": 0,
        "27": 0,
        "29": 0,
        "32": 0,
        "33": 0,
        "34": 0,
        "35": 0,
        "36": 0,
        "37": 0,
        "38": 0,
        "40": 0,
        "42": 0,
        "43": 0,
        "44": 0,
        "45": 0,
        "46": 0,
        "47": 0,
        "49": 0,
        "50": 0,
        "51": 0,
        "53": 0,
        "55": 0,
        "56": 0,
        "57": 0,
        "58": 0,
        "59": 0,
        "60": 0,
        "61": 0,
        "62": 0,
        "63": 0,
        "69": 0,
        "71": 0,
        "72": 0,
        "74": 0,
        "75": 0,
        "76": 0,
        "77": 0,
        "79": 0,
        "81": 0,
        "82": 0,
        "84": 0,
        "85": 0,
        "86": 0,
        "87": 0,
        "88": 0,
        "89": 0,
        "90": 0,
        "91": 0,
        "93": 0,
        "95": 0,
        "96": 0,
        "98": 0,
        "99": 0,
        "100": 0,
        "101": 0,
        "102": 0,
        "103": 0,
        "104": 0,
        "105": 0,
        "107": 0,
        "109": 0,
        "110": 0,
        "112": 0,
        "113": 0,
        "114": 0,
        "115": 0,
        "116": 0,
        "117": 0,
        "118": 0,
        "120": 0,
        "122": 0,
        "123": 0,
        "124": 0,
        "126": 0,
        "127": 0,
        "128": 0,
        "130": 0,
        "131": 0,
        "132": 0,
        "133": 0,
        "134": 0,
        "135": 0,
        "137": 0,
        "138": 0,
        "140": 0
      },
      "branchMap": {
        "0": {
          "type": "branch",
          "line": 1,
          "loc": { "start": { "line": 1, "column": 3680 }, "end": { "line": 152, "column": 1 } },
          "locations": [
            { "start": { "line": 1, "column": 3680 }, "end": { "line": 152, "column": 1 } }
          ]
        }
      },
      "b": { "0": [1] },
      "fnMap": {
        "0": {
          "name": "(empty-report)",
          "decl": { "start": { "line": 1, "column": 3680 }, "end": { "line": 152, "column": 1 } },
          "loc": { "start": { "line": 1, "column": 3680 }, "end": { "line": 152, "column": 1 } },
          "line": 1
        }
      },
      "f": { "0": 1 }
    },
    "/Users/jmfk/Repos/daggergm/app/auth/callback/route.ts": {
      "path": "/Users/jmfk/Repos/daggergm/app/auth/callback/route.ts",
      "all": true,
      "statementMap": {
        "0": { "start": { "line": 1, "column": 0 }, "end": { "line": 1, "column": 66 } },
        "1": { "start": { "line": 2, "column": 0 }, "end": { "line": 2, "column": 42 } },
        "3": { "start": { "line": 4, "column": 0 }, "end": { "line": 4, "column": 45 } },
        "4": { "start": { "line": 5, "column": 0 }, "end": { "line": 5, "column": 55 } },
        "5": { "start": { "line": 6, "column": 0 }, "end": { "line": 6, "column": 39 } },
        "6": { "start": { "line": 7, "column": 0 }, "end": { "line": 7, "column": 55 } },
        "8": { "start": { "line": 9, "column": 0 }, "end": { "line": 9, "column": 13 } },
        "9": { "start": { "line": 10, "column": 0 }, "end": { "line": 10, "column": 55 } },
        "10": { "start": { "line": 11, "column": 0 }, "end": { "line": 11, "column": 70 } },
        "12": { "start": { "line": 13, "column": 0 }, "end": { "line": 13, "column": 17 } },
        "13": { "start": { "line": 14, "column": 0 }, "end": { "line": 14, "column": 54 } },
        "14": { "start": { "line": 15, "column": 0 }, "end": { "line": 15, "column": 5 } },
        "15": { "start": { "line": 16, "column": 0 }, "end": { "line": 16, "column": 3 } },
        "18": { "start": { "line": 19, "column": 0 }, "end": { "line": 19, "column": 88 } },
        "19": { "start": { "line": 20, "column": 0 }, "end": { "line": 20, "column": 1 } }
      },
      "s": {
        "0": 0,
        "1": 0,
        "3": 0,
        "4": 0,
        "5": 0,
        "6": 0,
        "8": 0,
        "9": 0,
        "10": 0,
        "12": 0,
        "13": 0,
        "14": 0,
        "15": 0,
        "18": 0,
        "19": 0
      },
      "branchMap": {
        "0": {
          "type": "branch",
          "line": 1,
          "loc": { "start": { "line": 1, "column": 682 }, "end": { "line": 20, "column": 1 } },
          "locations": [
            { "start": { "line": 1, "column": 682 }, "end": { "line": 20, "column": 1 } }
          ]
        }
      },
      "b": { "0": [0] },
      "fnMap": {
        "0": {
          "name": "(empty-report)",
          "decl": { "start": { "line": 1, "column": 682 }, "end": { "line": 20, "column": 1 } },
          "loc": { "start": { "line": 1, "column": 682 }, "end": { "line": 20, "column": 1 } },
          "line": 1
        }
      },
      "f": { "0": 0 }
    },
    "/Users/jmfk/Repos/daggergm/app/auth/login/page.tsx": {
      "path": "/Users/jmfk/Repos/daggergm/app/auth/login/page.tsx",
      "all": true,
      "statementMap": {
        "2": { "start": { "line": 3, "column": 0 }, "end": { "line": 3, "column": 32 } },
        "3": { "start": { "line": 4, "column": 0 }, "end": { "line": 4, "column": 43 } },
        "4": { "start": { "line": 5, "column": 0 }, "end": { "line": 5, "column": 52 } },
        "5": { "start": { "line": 6, "column": 0 }, "end": { "line": 6, "column": 47 } },
        "6": { "start": { "line": 7, "column": 0 }, "end": { "line": 7, "column": 8 } },
        "14": { "start": { "line": 15, "column": 0 }, "end": { "line": 15, "column": 45 } },
        "15": { "start": { "line": 16, "column": 0 }, "end": { "line": 16, "column": 45 } },
        "16": { "start": { "line": 17, "column": 0 }, "end": { "line": 17, "column": 30 } },
        "18": { "start": { "line": 19, "column": 0 }, "end": { "line": 19, "column": 37 } },
        "19": { "start": { "line": 20, "column": 0 }, "end": { "line": 20, "column": 40 } },
        "20": { "start": { "line": 21, "column": 0 }, "end": { "line": 21, "column": 51 } },
        "21": { "start": { "line": 22, "column": 0 }, "end": { "line": 22, "column": 28 } },
        "22": { "start": { "line": 23, "column": 0 }, "end": { "line": 23, "column": 33 } },
        "24": { "start": { "line": 25, "column": 0 }, "end": { "line": 25, "column": 50 } },
        "25": { "start": { "line": 26, "column": 0 }, "end": { "line": 26, "column": 22 } },
        "26": { "start": { "line": 27, "column": 0 }, "end": { "line": 27, "column": 22 } },
        "28": { "start": { "line": 29, "column": 0 }, "end": { "line": 29, "column": 9 } },
        "29": { "start": { "line": 30, "column": 0 }, "end": { "line": 30, "column": 59 } },
        "30": { "start": { "line": 31, "column": 0 }, "end": { "line": 31, "column": 14 } },
        "31": { "start": { "line": 32, "column": 0 }, "end": { "line": 32, "column": 18 } },
        "32": { "start": { "line": 33, "column": 0 }, "end": { "line": 33, "column": 69 } },
        "33": { "start": { "line": 34, "column": 0 }, "end": { "line": 34, "column": 10 } },
        "34": { "start": { "line": 35, "column": 0 }, "end": { "line": 35, "column": 8 } },
        "36": { "start": { "line": 37, "column": 0 }, "end": { "line": 37, "column": 18 } },
        "37": { "start": { "line": 38, "column": 0 }, "end": { "line": 38, "column": 34 } },
        "38": { "start": { "line": 39, "column": 0 }, "end": { "line": 39, "column": 14 } },
        "39": { "start": { "line": 40, "column": 0 }, "end": { "line": 40, "column": 61 } },
        "40": { "start": { "line": 41, "column": 0 }, "end": { "line": 41, "column": 7 } },
        "41": { "start": { "line": 42, "column": 0 }, "end": { "line": 42, "column": 13 } },
        "42": { "start": { "line": 43, "column": 0 }, "end": { "line": 43, "column": 60 } },
        "43": { "start": { "line": 44, "column": 0 }, "end": { "line": 44, "column": 15 } },
        "44": { "start": { "line": 45, "column": 0 }, "end": { "line": 45, "column": 25 } },
        "45": { "start": { "line": 46, "column": 0 }, "end": { "line": 46, "column": 5 } },
        "46": { "start": { "line": 47, "column": 0 }, "end": { "line": 47, "column": 3 } },
        "48": { "start": { "line": 49, "column": 0 }, "end": { "line": 49, "column": 37 } },
        "50": { "start": { "line": 51, "column": 0 }, "end": { "line": 51, "column": 34 } },
        "51": { "start": { "line": 52, "column": 0 }, "end": { "line": 52, "column": 3 } },
        "53": { "start": { "line": 54, "column": 0 }, "end": { "line": 54, "column": 10 } },
        "54": { "start": { "line": 55, "column": 0 }, "end": { "line": 55, "column": 91 } },
        "55": { "start": { "line": 56, "column": 0 }, "end": { "line": 56, "column": 41 } },
        "56": { "start": { "line": 57, "column": 0 }, "end": { "line": 57, "column": 20 } },
        "57": { "start": { "line": 58, "column": 0 }, "end": { "line": 58, "column": 73 } },
        "58": { "start": { "line": 59, "column": 0 }, "end": { "line": 59, "column": 90 } },
        "59": { "start": { "line": 60, "column": 0 }, "end": { "line": 60, "column": 21 } },
        "60": { "start": { "line": 61, "column": 0 }, "end": { "line": 61, "column": 21 } },
        "61": { "start": { "line": 62, "column": 0 }, "end": { "line": 62, "column": 61 } },
        "62": { "start": { "line": 63, "column": 0 }, "end": { "line": 63, "column": 39 } },
        "63": { "start": { "line": 64, "column": 0 }, "end": { "line": 64, "column": 50 } },
        "64": { "start": { "line": 65, "column": 0 }, "end": { "line": 65, "column": 20 } },
        "65": { "start": { "line": 66, "column": 0 }, "end": { "line": 66, "column": 26 } },
        "66": { "start": { "line": 67, "column": 0 }, "end": { "line": 67, "column": 28 } },
        "67": { "start": { "line": 68, "column": 0 }, "end": { "line": 68, "column": 45 } },
        "68": { "start": { "line": 69, "column": 0 }, "end": { "line": 69, "column": 29 } },
        "69": { "start": { "line": 70, "column": 0 }, "end": { "line": 70, "column": 58 } },
        "70": { "start": { "line": 71, "column": 0 }, "end": { "line": 71, "column": 24 } },
        "71": { "start": { "line": 72, "column": 0 }, "end": { "line": 72, "column": 16 } },
        "72": { "start": { "line": 73, "column": 0 }, "end": { "line": 73, "column": 18 } },
        "73": { "start": { "line": 74, "column": 0 }, "end": { "line": 74, "column": 74 } },
        "74": { "start": { "line": 75, "column": 0 }, "end": { "line": 75, "column": 60 } },
        "75": { "start": { "line": 76, "column": 0 }, "end": { "line": 76, "column": 21 } },
        "76": { "start": { "line": 77, "column": 0 }, "end": { "line": 77, "column": 17 } },
        "77": { "start": { "line": 78, "column": 0 }, "end": { "line": 78, "column": 52 } },
        "78": { "start": { "line": 79, "column": 0 }, "end": { "line": 79, "column": 76 } },
        "79": { "start": { "line": 80, "column": 0 }, "end": { "line": 80, "column": 19 } },
        "80": { "start": { "line": 81, "column": 0 }, "end": { "line": 81, "column": 35 } },
        "81": { "start": { "line": 82, "column": 0 }, "end": { "line": 82, "column": 73 } },
        "82": { "start": { "line": 83, "column": 0 }, "end": { "line": 83, "column": 13 } },
        "84": { "start": { "line": 85, "column": 0 }, "end": { "line": 85, "column": 21 } },
        "85": { "start": { "line": 86, "column": 0 }, "end": { "line": 86, "column": 16 } },
        "86": { "start": { "line": 87, "column": 0 }, "end": { "line": 87, "column": 22 } },
        "87": { "start": { "line": 88, "column": 0 }, "end": { "line": 88, "column": 20 } },
        "88": { "start": { "line": 89, "column": 0 }, "end": { "line": 89, "column": 82 } },
        "90": { "start": { "line": 91, "column": 0 }, "end": { "line": 91, "column": 19 } },
        "91": { "start": { "line": 92, "column": 0 }, "end": { "line": 92, "column": 21 } },
        "92": { "start": { "line": 93, "column": 0 }, "end": { "line": 93, "column": 13 } },
        "93": { "start": { "line": 94, "column": 0 }, "end": { "line": 94, "column": 10 } },
        "95": { "start": { "line": 96, "column": 0 }, "end": { "line": 96, "column": 1 } }
      },
      "s": {
        "2": 0,
        "3": 0,
        "4": 0,
        "5": 0,
        "6": 0,
        "14": 0,
        "15": 0,
        "16": 0,
        "18": 0,
        "19": 0,
        "20": 0,
        "21": 0,
        "22": 0,
        "24": 0,
        "25": 0,
        "26": 0,
        "28": 0,
        "29": 0,
        "30": 0,
        "31": 0,
        "32": 0,
        "33": 0,
        "34": 0,
        "36": 0,
        "37": 0,
        "38": 0,
        "39": 0,
        "40": 0,
        "41": 0,
        "42": 0,
        "43": 0,
        "44": 0,
        "45": 0,
        "46": 0,
        "48": 0,
        "50": 0,
        "51": 0,
        "53": 0,
        "54": 0,
        "55": 0,
        "56": 0,
        "57": 0,
        "58": 0,
        "59": 0,
        "60": 0,
        "61": 0,
        "62": 0,
        "63": 0,
        "64": 0,
        "65": 0,
        "66": 0,
        "67": 0,
        "68": 0,
        "69": 0,
        "70": 0,
        "71": 0,
        "72": 0,
        "73": 0,
        "74": 0,
        "75": 0,
        "76": 0,
        "77": 0,
        "78": 0,
        "79": 0,
        "80": 0,
        "81": 0,
        "82": 0,
        "84": 0,
        "85": 0,
        "86": 0,
        "87": 0,
        "88": 0,
        "90": 0,
        "91": 0,
        "92": 0,
        "93": 0,
        "95": 0
      },
      "branchMap": {
        "0": {
          "type": "branch",
          "line": 1,
          "loc": { "start": { "line": 1, "column": 2887 }, "end": { "line": 96, "column": 1 } },
          "locations": [
            { "start": { "line": 1, "column": 2887 }, "end": { "line": 96, "column": 1 } }
          ]
        }
      },
      "b": { "0": [1] },
      "fnMap": {
        "0": {
          "name": "(empty-report)",
          "decl": { "start": { "line": 1, "column": 2887 }, "end": { "line": 96, "column": 1 } },
          "loc": { "start": { "line": 1, "column": 2887 }, "end": { "line": 96, "column": 1 } },
          "line": 1
        }
      },
      "f": { "0": 1 }
    },
    "/Users/jmfk/Repos/daggergm/app/api/health/route.ts": {
      "path": "/Users/jmfk/Repos/daggergm/app/api/health/route.ts",
      "all": true,
      "statementMap": {
        "0": { "start": { "line": 1, "column": 0 }, "end": { "line": 1, "column": 42 } },
        "2": { "start": { "line": 3, "column": 0 }, "end": { "line": 3, "column": 29 } },
        "4": { "start": { "line": 5, "column": 0 }, "end": { "line": 5, "column": 17 } },
        "10": { "start": { "line": 11, "column": 0 }, "end": { "line": 11, "column": 7 } },
        "11": { "start": { "line": 12, "column": 0 }, "end": { "line": 12, "column": 17 } },
        "12": { "start": { "line": 13, "column": 0 }, "end": { "line": 13, "column": 40 } },
        "13": { "start": { "line": 14, "column": 0 }, "end": { "line": 14, "column": 29 } },
        "14": { "start": { "line": 15, "column": 0 }, "end": { "line": 15, "column": 38 } },
        "15": { "start": { "line": 16, "column": 0 }, "end": { "line": 16, "column": 3 } },
        "18": { "start": { "line": 19, "column": 0 }, "end": { "line": 19, "column": 7 } },
        "19": { "start": { "line": 20, "column": 0 }, "end": { "line": 20, "column": 80 } },
        "20": { "start": { "line": 21, "column": 0 }, "end": { "line": 21, "column": 55 } },
        "23": { "start": { "line": 24, "column": 0 }, "end": { "line": 24, "column": 92 } },
        "25": { "start": { "line": 26, "column": 0 }, "end": { "line": 26, "column": 51 } },
        "26": { "start": { "line": 27, "column": 0 }, "end": { "line": 27, "column": 11 } },
        "27": { "start": { "line": 28, "column": 0 }, "end": { "line": 28, "column": 29 } },
        "28": { "start": { "line": 29, "column": 0 }, "end": { "line": 29, "column": 3 } },
        "30": { "start": { "line": 31, "column": 0 }, "end": { "line": 31, "column": 34 } },
        "31": { "start": { "line": 32, "column": 0 }, "end": { "line": 32, "column": 1 } }
      },
      "s": {
        "0": 0,
        "2": 0,
        "4": 0,
        "10": 0,
        "11": 0,
        "12": 0,
        "13": 0,
        "14": 0,
        "15": 0,
        "18": 0,
        "19": 0,
        "20": 0,
        "23": 0,
        "25": 0,
        "26": 0,
        "27": 0,
        "28": 0,
        "30": 0,
        "31": 0
      },
      "branchMap": {
        "0": {
          "type": "branch",
          "line": 1,
          "loc": { "start": { "line": 1, "column": 832 }, "end": { "line": 32, "column": 1 } },
          "locations": [
            { "start": { "line": 1, "column": 832 }, "end": { "line": 32, "column": 1 } }
          ]
        }
      },
      "b": { "0": [0] },
      "fnMap": {
        "0": {
          "name": "(empty-report)",
          "decl": { "start": { "line": 1, "column": 832 }, "end": { "line": 32, "column": 1 } },
          "loc": { "start": { "line": 1, "column": 832 }, "end": { "line": 32, "column": 1 } },
          "line": 1
        }
      },
      "f": { "0": 0 }
    }
  }
}
